nohup: ignoring input
[Parallel(n_jobs=20)]: Using backend LokyBackend with 20 concurrent workers.
Get mean and std exp!
Get common genes!  894
cell types:  10
bulk samples:  546
start BLADE!
all of 894 genes are used for optimization.
All samples are used during the optimization.
Initialization with Support vector regression
[Parallel(n_jobs=20)]: Done   1 tasks      | elapsed:    1.5s
[Parallel(n_jobs=20)]: Done  10 tasks      | elapsed:    1.8s
[Parallel(n_jobs=20)]: Done  21 tasks      | elapsed:    2.0s
[Parallel(n_jobs=20)]: Done  32 tasks      | elapsed:    2.1s
[Parallel(n_jobs=20)]: Done  45 tasks      | elapsed:    2.3s
[Parallel(n_jobs=20)]: Done  58 tasks      | elapsed:    2.4s
[Parallel(n_jobs=20)]: Done  73 tasks      | elapsed:    2.6s
[Parallel(n_jobs=20)]: Done  88 tasks      | elapsed:    2.7s
[Parallel(n_jobs=20)]: Done 105 tasks      | elapsed:    3.0s
[Parallel(n_jobs=20)]: Done 122 tasks      | elapsed:    3.2s
[Parallel(n_jobs=20)]: Done 141 tasks      | elapsed:    3.3s
[Parallel(n_jobs=20)]: Done 160 tasks      | elapsed:    3.5s
[Parallel(n_jobs=20)]: Done 181 tasks      | elapsed:    3.8s
[Parallel(n_jobs=20)]: Done 202 tasks      | elapsed:    4.1s
[Parallel(n_jobs=20)]: Done 225 tasks      | elapsed:    4.3s
[Parallel(n_jobs=20)]: Done 248 tasks      | elapsed:    4.6s
[Parallel(n_jobs=20)]: Done 273 tasks      | elapsed:    4.9s
[Parallel(n_jobs=20)]: Done 298 tasks      | elapsed:    5.2s
[Parallel(n_jobs=20)]: Done 325 tasks      | elapsed:    5.5s
[Parallel(n_jobs=20)]: Done 352 tasks      | elapsed:    5.7s
[Parallel(n_jobs=20)]: Done 381 tasks      | elapsed:    6.0s
[Parallel(n_jobs=20)]: Done 410 tasks      | elapsed:    6.4s
[Parallel(n_jobs=20)]: Done 441 tasks      | elapsed:    6.7s
[Parallel(n_jobs=20)]: Done 472 tasks      | elapsed:    7.1s
[Parallel(n_jobs=20)]: Done 505 tasks      | elapsed:    7.4s
[Parallel(n_jobs=20)]: Done 546 out of 546 | elapsed:    7.8s finished
[Parallel(n_jobs=20)]: Using backend LokyBackend with 20 concurrent workers.
/home/cke/miniconda3/envs/BLADE/lib/python3.10/site-packages/Deconvolution/BLADE.py:809: RuntimeWarning: divide by zero encountered in log
  return -self.Nsample*np.sum(np.log(Omega))
/home/cke/miniconda3/envs/BLADE/lib/python3.10/site-packages/Deconvolution/BLADE.py:863: RuntimeWarning: invalid value encountered in double_scalars
  return PX+PY+PF-QX-QF
/home/cke/miniconda3/envs/BLADE/lib/python3.10/site-packages/Deconvolution/BLADE.py:809: RuntimeWarning: divide by zero encountered in log
  return -self.Nsample*np.sum(np.log(Omega))
/home/cke/miniconda3/envs/BLADE/lib/python3.10/site-packages/Deconvolution/BLADE.py:863: RuntimeWarning: invalid value encountered in double_scalars
  return PX+PY+PF-QX-QF
/home/cke/miniconda3/envs/BLADE/lib/python3.10/site-packages/Deconvolution/BLADE.py:809: RuntimeWarning: divide by zero encountered in log
  return -self.Nsample*np.sum(np.log(Omega))
/home/cke/miniconda3/envs/BLADE/lib/python3.10/site-packages/Deconvolution/BLADE.py:863: RuntimeWarning: invalid value encountered in double_scalars
  return PX+PY+PF-QX-QF
/home/cke/miniconda3/envs/BLADE/lib/python3.10/site-packages/Deconvolution/BLADE.py:809: RuntimeWarning: divide by zero encountered in log
  return -self.Nsample*np.sum(np.log(Omega))
/home/cke/miniconda3/envs/BLADE/lib/python3.10/site-packages/Deconvolution/BLADE.py:863: RuntimeWarning: invalid value encountered in double_scalars
  return PX+PY+PF-QX-QF
/home/cke/miniconda3/envs/BLADE/lib/python3.10/site-packages/Deconvolution/BLADE.py:809: RuntimeWarning: divide by zero encountered in log
  return -self.Nsample*np.sum(np.log(Omega))
/home/cke/miniconda3/envs/BLADE/lib/python3.10/site-packages/Deconvolution/BLADE.py:863: RuntimeWarning: invalid value encountered in double_scalars
  return PX+PY+PF-QX-QF
/home/cke/miniconda3/envs/BLADE/lib/python3.10/site-packages/Deconvolution/BLADE.py:809: RuntimeWarning: divide by zero encountered in log
  return -self.Nsample*np.sum(np.log(Omega))
/home/cke/miniconda3/envs/BLADE/lib/python3.10/site-packages/Deconvolution/BLADE.py:863: RuntimeWarning: invalid value encountered in double_scalars
  return PX+PY+PF-QX-QF
/home/cke/miniconda3/envs/BLADE/lib/python3.10/site-packages/Deconvolution/BLADE.py:809: RuntimeWarning: divide by zero encountered in log
  return -self.Nsample*np.sum(np.log(Omega))
/home/cke/miniconda3/envs/BLADE/lib/python3.10/site-packages/Deconvolution/BLADE.py:863: RuntimeWarning: invalid value encountered in double_scalars
  return PX+PY+PF-QX-QF
/home/cke/miniconda3/envs/BLADE/lib/python3.10/site-packages/Deconvolution/BLADE.py:809: RuntimeWarning: divide by zero encountered in log
  return -self.Nsample*np.sum(np.log(Omega))
/home/cke/miniconda3/envs/BLADE/lib/python3.10/site-packages/Deconvolution/BLADE.py:863: RuntimeWarning: invalid value encountered in double_scalars
  return PX+PY+PF-QX-QF
/home/cke/miniconda3/envs/BLADE/lib/python3.10/site-packages/Deconvolution/BLADE.py:809: RuntimeWarning: divide by zero encountered in log
  return -self.Nsample*np.sum(np.log(Omega))
/home/cke/miniconda3/envs/BLADE/lib/python3.10/site-packages/Deconvolution/BLADE.py:863: RuntimeWarning: invalid value encountered in double_scalars
  return PX+PY+PF-QX-QF
/home/cke/miniconda3/envs/BLADE/lib/python3.10/site-packages/Deconvolution/BLADE.py:809: RuntimeWarning: divide by zero encountered in log
  return -self.Nsample*np.sum(np.log(Omega))
/home/cke/miniconda3/envs/BLADE/lib/python3.10/site-packages/Deconvolution/BLADE.py:863: RuntimeWarning: invalid value encountered in double_scalars
  return PX+PY+PF-QX-QF
/home/cke/miniconda3/envs/BLADE/lib/python3.10/site-packages/Deconvolution/BLADE.py:809: RuntimeWarning: divide by zero encountered in log
  return -self.Nsample*np.sum(np.log(Omega))
/home/cke/miniconda3/envs/BLADE/lib/python3.10/site-packages/Deconvolution/BLADE.py:863: RuntimeWarning: invalid value encountered in double_scalars
  return PX+PY+PF-QX-QF
/home/cke/miniconda3/envs/BLADE/lib/python3.10/site-packages/Deconvolution/BLADE.py:809: RuntimeWarning: divide by zero encountered in log
  return -self.Nsample*np.sum(np.log(Omega))
/home/cke/miniconda3/envs/BLADE/lib/python3.10/site-packages/Deconvolution/BLADE.py:863: RuntimeWarning: invalid value encountered in double_scalars
  return PX+PY+PF-QX-QF
/home/cke/miniconda3/envs/BLADE/lib/python3.10/site-packages/Deconvolution/BLADE.py:809: RuntimeWarning: divide by zero encountered in log
  return -self.Nsample*np.sum(np.log(Omega))
/home/cke/miniconda3/envs/BLADE/lib/python3.10/site-packages/Deconvolution/BLADE.py:863: RuntimeWarning: invalid value encountered in double_scalars
  return PX+PY+PF-QX-QF
/home/cke/miniconda3/envs/BLADE/lib/python3.10/site-packages/Deconvolution/BLADE.py:809: RuntimeWarning: divide by zero encountered in log
  return -self.Nsample*np.sum(np.log(Omega))
/home/cke/miniconda3/envs/BLADE/lib/python3.10/site-packages/Deconvolution/BLADE.py:863: RuntimeWarning: invalid value encountered in double_scalars
  return PX+PY+PF-QX-QF
/home/cke/miniconda3/envs/BLADE/lib/python3.10/site-packages/Deconvolution/BLADE.py:809: RuntimeWarning: divide by zero encountered in log
  return -self.Nsample*np.sum(np.log(Omega))
/home/cke/miniconda3/envs/BLADE/lib/python3.10/site-packages/Deconvolution/BLADE.py:863: RuntimeWarning: invalid value encountered in double_scalars
  return PX+PY+PF-QX-QF
/home/cke/miniconda3/envs/BLADE/lib/python3.10/site-packages/Deconvolution/BLADE.py:809: RuntimeWarning: divide by zero encountered in log
  return -self.Nsample*np.sum(np.log(Omega))
/home/cke/miniconda3/envs/BLADE/lib/python3.10/site-packages/Deconvolution/BLADE.py:863: RuntimeWarning: invalid value encountered in double_scalars
  return PX+PY+PF-QX-QF
/home/cke/miniconda3/envs/BLADE/lib/python3.10/site-packages/Deconvolution/BLADE.py:809: RuntimeWarning: divide by zero encountered in log
  return -self.Nsample*np.sum(np.log(Omega))
/home/cke/miniconda3/envs/BLADE/lib/python3.10/site-packages/Deconvolution/BLADE.py:863: RuntimeWarning: invalid value encountered in double_scalars
  return PX+PY+PF-QX-QF
/home/cke/miniconda3/envs/BLADE/lib/python3.10/site-packages/Deconvolution/BLADE.py:809: RuntimeWarning: divide by zero encountered in log
  return -self.Nsample*np.sum(np.log(Omega))
/home/cke/miniconda3/envs/BLADE/lib/python3.10/site-packages/Deconvolution/BLADE.py:863: RuntimeWarning: invalid value encountered in double_scalars
  return PX+PY+PF-QX-QF
/home/cke/miniconda3/envs/BLADE/lib/python3.10/site-packages/Deconvolution/BLADE.py:809: RuntimeWarning: divide by zero encountered in log
  return -self.Nsample*np.sum(np.log(Omega))
/home/cke/miniconda3/envs/BLADE/lib/python3.10/site-packages/Deconvolution/BLADE.py:863: RuntimeWarning: invalid value encountered in double_scalars
  return PX+PY+PF-QX-QF
/home/cke/miniconda3/envs/BLADE/lib/python3.10/site-packages/Deconvolution/BLADE.py:809: RuntimeWarning: divide by zero encountered in log
  return -self.Nsample*np.sum(np.log(Omega))
/home/cke/miniconda3/envs/BLADE/lib/python3.10/site-packages/Deconvolution/BLADE.py:863: RuntimeWarning: invalid value encountered in double_scalars
  return PX+PY+PF-QX-QF
/home/cke/miniconda3/envs/BLADE/lib/python3.10/site-packages/Deconvolution/BLADE.py:589: NumbaPerformanceWarning: [1m[1m[1m[1mnp.dot() is faster on contiguous arrays, called on (array(float64, 1d, C), array(float64, 2d, A))[0m[0m[0m[0m
  g_Exp = g_Exp_Beta(Nu, Omega, Beta, B0, Ngene, Ncell, Nsample)
/home/cke/miniconda3/envs/BLADE/lib/python3.10/site-packages/Deconvolution/BLADE.py:589: NumbaPerformanceWarning: [1m[1m[1m[1mnp.dot() is faster on contiguous arrays, called on (array(float64, 1d, C), array(float64, 2d, A))[0m[0m[0m[0m
  g_Exp = g_Exp_Beta(Nu, Omega, Beta, B0, Ngene, Ncell, Nsample)
/home/cke/miniconda3/envs/BLADE/lib/python3.10/site-packages/Deconvolution/BLADE.py:589: NumbaPerformanceWarning: [1m[1m[1m[1mnp.dot() is faster on contiguous arrays, called on (array(float64, 1d, C), array(float64, 2d, A))[0m[0m[0m[0m
  g_Exp = g_Exp_Beta(Nu, Omega, Beta, B0, Ngene, Ncell, Nsample)
/home/cke/miniconda3/envs/BLADE/lib/python3.10/site-packages/Deconvolution/BLADE.py:589: NumbaPerformanceWarning: [1m[1m[1m[1mnp.dot() is faster on contiguous arrays, called on (array(float64, 1d, C), array(float64, 2d, A))[0m[0m[0m[0m
  g_Exp = g_Exp_Beta(Nu, Omega, Beta, B0, Ngene, Ncell, Nsample)
/home/cke/miniconda3/envs/BLADE/lib/python3.10/site-packages/Deconvolution/BLADE.py:589: NumbaPerformanceWarning: [1m[1m[1m[1mnp.dot() is faster on contiguous arrays, called on (array(float64, 1d, C), array(float64, 2d, A))[0m[0m[0m[0m
  g_Exp = g_Exp_Beta(Nu, Omega, Beta, B0, Ngene, Ncell, Nsample)
/home/cke/miniconda3/envs/BLADE/lib/python3.10/site-packages/Deconvolution/BLADE.py:589: NumbaPerformanceWarning: [1m[1m[1m[1mnp.dot() is faster on contiguous arrays, called on (array(float64, 1d, C), array(float64, 2d, A))[0m[0m[0m[0m
  g_Exp = g_Exp_Beta(Nu, Omega, Beta, B0, Ngene, Ncell, Nsample)
/home/cke/miniconda3/envs/BLADE/lib/python3.10/site-packages/Deconvolution/BLADE.py:589: NumbaPerformanceWarning: [1m[1m[1m[1mnp.dot() is faster on contiguous arrays, called on (array(float64, 1d, C), array(float64, 2d, A))[0m[0m[0m[0m
  g_Exp = g_Exp_Beta(Nu, Omega, Beta, B0, Ngene, Ncell, Nsample)
/home/cke/miniconda3/envs/BLADE/lib/python3.10/site-packages/Deconvolution/BLADE.py:589: NumbaPerformanceWarning: [1m[1m[1m[1mnp.dot() is faster on contiguous arrays, called on (array(float64, 1d, C), array(float64, 2d, A))[0m[0m[0m[0m
  g_Exp = g_Exp_Beta(Nu, Omega, Beta, B0, Ngene, Ncell, Nsample)
/home/cke/miniconda3/envs/BLADE/lib/python3.10/site-packages/Deconvolution/BLADE.py:589: NumbaPerformanceWarning: [1m[1m[1m[1mnp.dot() is faster on contiguous arrays, called on (array(float64, 1d, C), array(float64, 2d, A))[0m[0m[0m[0m
  g_Exp = g_Exp_Beta(Nu, Omega, Beta, B0, Ngene, Ncell, Nsample)
/home/cke/miniconda3/envs/BLADE/lib/python3.10/site-packages/Deconvolution/BLADE.py:589: NumbaPerformanceWarning: [1m[1m[1m[1mnp.dot() is faster on contiguous arrays, called on (array(float64, 1d, C), array(float64, 2d, A))[0m[0m[0m[0m
  g_Exp = g_Exp_Beta(Nu, Omega, Beta, B0, Ngene, Ncell, Nsample)
/home/cke/miniconda3/envs/BLADE/lib/python3.10/site-packages/Deconvolution/BLADE.py:589: NumbaPerformanceWarning: [1m[1m[1m[1mnp.dot() is faster on contiguous arrays, called on (array(float64, 1d, C), array(float64, 2d, A))[0m[0m[0m[0m
  g_Exp = g_Exp_Beta(Nu, Omega, Beta, B0, Ngene, Ncell, Nsample)
/home/cke/miniconda3/envs/BLADE/lib/python3.10/site-packages/Deconvolution/BLADE.py:589: NumbaPerformanceWarning: [1m[1m[1m[1mnp.dot() is faster on contiguous arrays, called on (array(float64, 1d, C), array(float64, 2d, A))[0m[0m[0m[0m
  g_Exp = g_Exp_Beta(Nu, Omega, Beta, B0, Ngene, Ncell, Nsample)
/home/cke/miniconda3/envs/BLADE/lib/python3.10/site-packages/Deconvolution/BLADE.py:589: NumbaPerformanceWarning: [1m[1m[1m[1mnp.dot() is faster on contiguous arrays, called on (array(float64, 1d, C), array(float64, 2d, A))[0m[0m[0m[0m
  g_Exp = g_Exp_Beta(Nu, Omega, Beta, B0, Ngene, Ncell, Nsample)
/home/cke/miniconda3/envs/BLADE/lib/python3.10/site-packages/Deconvolution/BLADE.py:589: NumbaPerformanceWarning: [1m[1m[1m[1mnp.dot() is faster on contiguous arrays, called on (array(float64, 1d, C), array(float64, 2d, A))[0m[0m[0m[0m
  g_Exp = g_Exp_Beta(Nu, Omega, Beta, B0, Ngene, Ncell, Nsample)
/home/cke/miniconda3/envs/BLADE/lib/python3.10/site-packages/Deconvolution/BLADE.py:589: NumbaPerformanceWarning: [1m[1m[1m[1mnp.dot() is faster on contiguous arrays, called on (array(float64, 1d, C), array(float64, 2d, A))[0m[0m[0m[0m
  g_Exp = g_Exp_Beta(Nu, Omega, Beta, B0, Ngene, Ncell, Nsample)
/home/cke/miniconda3/envs/BLADE/lib/python3.10/site-packages/Deconvolution/BLADE.py:589: NumbaPerformanceWarning: [1m[1m[1m[1mnp.dot() is faster on contiguous arrays, called on (array(float64, 1d, C), array(float64, 2d, A))[0m[0m[0m[0m
  g_Exp = g_Exp_Beta(Nu, Omega, Beta, B0, Ngene, Ncell, Nsample)
/home/cke/miniconda3/envs/BLADE/lib/python3.10/site-packages/Deconvolution/BLADE.py:589: NumbaPerformanceWarning: [1m[1m[1m[1mnp.dot() is faster on contiguous arrays, called on (array(float64, 1d, C), array(float64, 2d, A))[0m[0m[0m[0m
  g_Exp = g_Exp_Beta(Nu, Omega, Beta, B0, Ngene, Ncell, Nsample)
/home/cke/miniconda3/envs/BLADE/lib/python3.10/site-packages/Deconvolution/BLADE.py:589: NumbaPerformanceWarning: [1m[1m[1m[1mnp.dot() is faster on contiguous arrays, called on (array(float64, 1d, C), array(float64, 2d, A))[0m[0m[0m[0m
  g_Exp = g_Exp_Beta(Nu, Omega, Beta, B0, Ngene, Ncell, Nsample)
/home/cke/miniconda3/envs/BLADE/lib/python3.10/site-packages/Deconvolution/BLADE.py:589: NumbaPerformanceWarning: [1m[1m[1m[1mnp.dot() is faster on contiguous arrays, called on (array(float64, 1d, C), array(float64, 2d, A))[0m[0m[0m[0m
  g_Exp = g_Exp_Beta(Nu, Omega, Beta, B0, Ngene, Ncell, Nsample)
/home/cke/miniconda3/envs/BLADE/lib/python3.10/site-packages/Deconvolution/BLADE.py:589: NumbaPerformanceWarning: [1m[1m[1m[1mnp.dot() is faster on contiguous arrays, called on (array(float64, 1d, C), array(float64, 2d, A))[0m[0m[0m[0m
  g_Exp = g_Exp_Beta(Nu, Omega, Beta, B0, Ngene, Ncell, Nsample)
/home/cke/miniconda3/envs/BLADE/lib/python3.10/site-packages/Deconvolution/BLADE.py:809: RuntimeWarning: divide by zero encountered in log
  return -self.Nsample*np.sum(np.log(Omega))
/home/cke/miniconda3/envs/BLADE/lib/python3.10/site-packages/Deconvolution/BLADE.py:863: RuntimeWarning: invalid value encountered in double_scalars
  return PX+PY+PF-QX-QF
/home/cke/miniconda3/envs/BLADE/lib/python3.10/site-packages/Deconvolution/BLADE.py:809: RuntimeWarning: divide by zero encountered in log
  return -self.Nsample*np.sum(np.log(Omega))
/home/cke/miniconda3/envs/BLADE/lib/python3.10/site-packages/Deconvolution/BLADE.py:809: RuntimeWarning: divide by zero encountered in log
  return -self.Nsample*np.sum(np.log(Omega))
/home/cke/miniconda3/envs/BLADE/lib/python3.10/site-packages/Deconvolution/BLADE.py:863: RuntimeWarning: invalid value encountered in double_scalars
  return PX+PY+PF-QX-QF
/home/cke/miniconda3/envs/BLADE/lib/python3.10/site-packages/Deconvolution/BLADE.py:863: RuntimeWarning: invalid value encountered in double_scalars
  return PX+PY+PF-QX-QF
/home/cke/miniconda3/envs/BLADE/lib/python3.10/site-packages/Deconvolution/BLADE.py:809: RuntimeWarning: divide by zero encountered in log
  return -self.Nsample*np.sum(np.log(Omega))
/home/cke/miniconda3/envs/BLADE/lib/python3.10/site-packages/Deconvolution/BLADE.py:863: RuntimeWarning: invalid value encountered in double_scalars
  return PX+PY+PF-QX-QF
/home/cke/miniconda3/envs/BLADE/lib/python3.10/site-packages/Deconvolution/BLADE.py:809: RuntimeWarning: divide by zero encountered in log
  return -self.Nsample*np.sum(np.log(Omega))
/home/cke/miniconda3/envs/BLADE/lib/python3.10/site-packages/Deconvolution/BLADE.py:863: RuntimeWarning: invalid value encountered in double_scalars
  return PX+PY+PF-QX-QF
/home/cke/miniconda3/envs/BLADE/lib/python3.10/site-packages/Deconvolution/BLADE.py:809: RuntimeWarning: divide by zero encountered in log
  return -self.Nsample*np.sum(np.log(Omega))
/home/cke/miniconda3/envs/BLADE/lib/python3.10/site-packages/Deconvolution/BLADE.py:863: RuntimeWarning: invalid value encountered in double_scalars
  return PX+PY+PF-QX-QF
/home/cke/miniconda3/envs/BLADE/lib/python3.10/site-packages/Deconvolution/BLADE.py:809: RuntimeWarning: divide by zero encountered in log
  return -self.Nsample*np.sum(np.log(Omega))
/home/cke/miniconda3/envs/BLADE/lib/python3.10/site-packages/Deconvolution/BLADE.py:863: RuntimeWarning: invalid value encountered in double_scalars
  return PX+PY+PF-QX-QF
/home/cke/miniconda3/envs/BLADE/lib/python3.10/site-packages/Deconvolution/BLADE.py:809: RuntimeWarning: divide by zero encountered in log
  return -self.Nsample*np.sum(np.log(Omega))
/home/cke/miniconda3/envs/BLADE/lib/python3.10/site-packages/Deconvolution/BLADE.py:863: RuntimeWarning: invalid value encountered in double_scalars
  return PX+PY+PF-QX-QF
/home/cke/miniconda3/envs/BLADE/lib/python3.10/site-packages/Deconvolution/BLADE.py:809: RuntimeWarning: divide by zero encountered in log
  return -self.Nsample*np.sum(np.log(Omega))
/home/cke/miniconda3/envs/BLADE/lib/python3.10/site-packages/Deconvolution/BLADE.py:863: RuntimeWarning: invalid value encountered in double_scalars
  return PX+PY+PF-QX-QF
/home/cke/miniconda3/envs/BLADE/lib/python3.10/site-packages/Deconvolution/BLADE.py:809: RuntimeWarning: divide by zero encountered in log
  return -self.Nsample*np.sum(np.log(Omega))
/home/cke/miniconda3/envs/BLADE/lib/python3.10/site-packages/Deconvolution/BLADE.py:863: RuntimeWarning: invalid value encountered in double_scalars
  return PX+PY+PF-QX-QF
/home/cke/miniconda3/envs/BLADE/lib/python3.10/site-packages/Deconvolution/BLADE.py:809: RuntimeWarning: divide by zero encountered in log
  return -self.Nsample*np.sum(np.log(Omega))
/home/cke/miniconda3/envs/BLADE/lib/python3.10/site-packages/Deconvolution/BLADE.py:863: RuntimeWarning: invalid value encountered in double_scalars
  return PX+PY+PF-QX-QF
/home/cke/miniconda3/envs/BLADE/lib/python3.10/site-packages/Deconvolution/BLADE.py:809: RuntimeWarning: divide by zero encountered in log
  return -self.Nsample*np.sum(np.log(Omega))
/home/cke/miniconda3/envs/BLADE/lib/python3.10/site-packages/Deconvolution/BLADE.py:863: RuntimeWarning: invalid value encountered in double_scalars
  return PX+PY+PF-QX-QF
/home/cke/miniconda3/envs/BLADE/lib/python3.10/site-packages/Deconvolution/BLADE.py:809: RuntimeWarning: divide by zero encountered in log
  return -self.Nsample*np.sum(np.log(Omega))
/home/cke/miniconda3/envs/BLADE/lib/python3.10/site-packages/Deconvolution/BLADE.py:863: RuntimeWarning: invalid value encountered in double_scalars
  return PX+PY+PF-QX-QF
/home/cke/miniconda3/envs/BLADE/lib/python3.10/site-packages/Deconvolution/BLADE.py:809: RuntimeWarning: divide by zero encountered in log
  return -self.Nsample*np.sum(np.log(Omega))
/home/cke/miniconda3/envs/BLADE/lib/python3.10/site-packages/Deconvolution/BLADE.py:863: RuntimeWarning: invalid value encountered in double_scalars
  return PX+PY+PF-QX-QF
/home/cke/miniconda3/envs/BLADE/lib/python3.10/site-packages/Deconvolution/BLADE.py:809: RuntimeWarning: divide by zero encountered in log
  return -self.Nsample*np.sum(np.log(Omega))
/home/cke/miniconda3/envs/BLADE/lib/python3.10/site-packages/Deconvolution/BLADE.py:863: RuntimeWarning: invalid value encountered in double_scalars
  return PX+PY+PF-QX-QF
/home/cke/miniconda3/envs/BLADE/lib/python3.10/site-packages/Deconvolution/BLADE.py:809: RuntimeWarning: divide by zero encountered in log
  return -self.Nsample*np.sum(np.log(Omega))
/home/cke/miniconda3/envs/BLADE/lib/python3.10/site-packages/Deconvolution/BLADE.py:863: RuntimeWarning: invalid value encountered in double_scalars
  return PX+PY+PF-QX-QF
/home/cke/miniconda3/envs/BLADE/lib/python3.10/site-packages/Deconvolution/BLADE.py:809: RuntimeWarning: divide by zero encountered in log
  return -self.Nsample*np.sum(np.log(Omega))
/home/cke/miniconda3/envs/BLADE/lib/python3.10/site-packages/Deconvolution/BLADE.py:863: RuntimeWarning: invalid value encountered in double_scalars
  return PX+PY+PF-QX-QF
/home/cke/miniconda3/envs/BLADE/lib/python3.10/site-packages/Deconvolution/BLADE.py:809: RuntimeWarning: divide by zero encountered in log
  return -self.Nsample*np.sum(np.log(Omega))
/home/cke/miniconda3/envs/BLADE/lib/python3.10/site-packages/Deconvolution/BLADE.py:863: RuntimeWarning: invalid value encountered in double_scalars
  return PX+PY+PF-QX-QF
/home/cke/miniconda3/envs/BLADE/lib/python3.10/site-packages/Deconvolution/BLADE.py:809: RuntimeWarning: divide by zero encountered in log
  return -self.Nsample*np.sum(np.log(Omega))
/home/cke/miniconda3/envs/BLADE/lib/python3.10/site-packages/Deconvolution/BLADE.py:863: RuntimeWarning: invalid value encountered in double_scalars
  return PX+PY+PF-QX-QF
/home/cke/miniconda3/envs/BLADE/lib/python3.10/site-packages/Deconvolution/BLADE.py:809: RuntimeWarning: divide by zero encountered in log
  return -self.Nsample*np.sum(np.log(Omega))
/home/cke/miniconda3/envs/BLADE/lib/python3.10/site-packages/Deconvolution/BLADE.py:863: RuntimeWarning: invalid value encountered in double_scalars
  return PX+PY+PF-QX-QF
[Parallel(n_jobs=20)]: Done   1 tasks      | elapsed: 14.4min
/home/cke/miniconda3/envs/BLADE/lib/python3.10/site-packages/Deconvolution/BLADE.py:809: RuntimeWarning: divide by zero encountered in log
  return -self.Nsample*np.sum(np.log(Omega))
/home/cke/miniconda3/envs/BLADE/lib/python3.10/site-packages/Deconvolution/BLADE.py:863: RuntimeWarning: invalid value encountered in double_scalars
  return PX+PY+PF-QX-QF
/home/cke/miniconda3/envs/BLADE/lib/python3.10/site-packages/Deconvolution/BLADE.py:809: RuntimeWarning: divide by zero encountered in log
  return -self.Nsample*np.sum(np.log(Omega))
/home/cke/miniconda3/envs/BLADE/lib/python3.10/site-packages/Deconvolution/BLADE.py:863: RuntimeWarning: invalid value encountered in double_scalars
  return PX+PY+PF-QX-QF
/home/cke/miniconda3/envs/BLADE/lib/python3.10/site-packages/Deconvolution/BLADE.py:809: RuntimeWarning: divide by zero encountered in log
  return -self.Nsample*np.sum(np.log(Omega))
/home/cke/miniconda3/envs/BLADE/lib/python3.10/site-packages/Deconvolution/BLADE.py:863: RuntimeWarning: invalid value encountered in double_scalars
  return PX+PY+PF-QX-QF
/home/cke/miniconda3/envs/BLADE/lib/python3.10/site-packages/Deconvolution/BLADE.py:809: RuntimeWarning: divide by zero encountered in log
  return -self.Nsample*np.sum(np.log(Omega))
/home/cke/miniconda3/envs/BLADE/lib/python3.10/site-packages/Deconvolution/BLADE.py:863: RuntimeWarning: invalid value encountered in double_scalars
  return PX+PY+PF-QX-QF
/home/cke/miniconda3/envs/BLADE/lib/python3.10/site-packages/Deconvolution/BLADE.py:809: RuntimeWarning: divide by zero encountered in log
  return -self.Nsample*np.sum(np.log(Omega))
/home/cke/miniconda3/envs/BLADE/lib/python3.10/site-packages/Deconvolution/BLADE.py:863: RuntimeWarning: invalid value encountered in double_scalars
  return PX+PY+PF-QX-QF
/home/cke/miniconda3/envs/BLADE/lib/python3.10/site-packages/Deconvolution/BLADE.py:809: RuntimeWarning: divide by zero encountered in log
  return -self.Nsample*np.sum(np.log(Omega))
/home/cke/miniconda3/envs/BLADE/lib/python3.10/site-packages/Deconvolution/BLADE.py:863: RuntimeWarning: invalid value encountered in double_scalars
  return PX+PY+PF-QX-QF
/home/cke/miniconda3/envs/BLADE/lib/python3.10/site-packages/Deconvolution/BLADE.py:809: RuntimeWarning: divide by zero encountered in log
  return -self.Nsample*np.sum(np.log(Omega))
/home/cke/miniconda3/envs/BLADE/lib/python3.10/site-packages/Deconvolution/BLADE.py:863: RuntimeWarning: invalid value encountered in double_scalars
  return PX+PY+PF-QX-QF
/home/cke/miniconda3/envs/BLADE/lib/python3.10/site-packages/Deconvolution/BLADE.py:809: RuntimeWarning: divide by zero encountered in log
  return -self.Nsample*np.sum(np.log(Omega))
/home/cke/miniconda3/envs/BLADE/lib/python3.10/site-packages/Deconvolution/BLADE.py:863: RuntimeWarning: invalid value encountered in double_scalars
  return PX+PY+PF-QX-QF
[Parallel(n_jobs=20)]: Done  10 tasks      | elapsed: 47.8min
/home/cke/miniconda3/envs/BLADE/lib/python3.10/site-packages/Deconvolution/BLADE.py:809: RuntimeWarning: divide by zero encountered in log
  return -self.Nsample*np.sum(np.log(Omega))
/home/cke/miniconda3/envs/BLADE/lib/python3.10/site-packages/Deconvolution/BLADE.py:863: RuntimeWarning: invalid value encountered in double_scalars
  return PX+PY+PF-QX-QF
/home/cke/miniconda3/envs/BLADE/lib/python3.10/site-packages/Deconvolution/BLADE.py:809: RuntimeWarning: divide by zero encountered in log
  return -self.Nsample*np.sum(np.log(Omega))
/home/cke/miniconda3/envs/BLADE/lib/python3.10/site-packages/Deconvolution/BLADE.py:863: RuntimeWarning: invalid value encountered in double_scalars
  return PX+PY+PF-QX-QF
/home/cke/miniconda3/envs/BLADE/lib/python3.10/site-packages/Deconvolution/BLADE.py:809: RuntimeWarning: divide by zero encountered in log
  return -self.Nsample*np.sum(np.log(Omega))
/home/cke/miniconda3/envs/BLADE/lib/python3.10/site-packages/Deconvolution/BLADE.py:863: RuntimeWarning: invalid value encountered in double_scalars
  return PX+PY+PF-QX-QF
/home/cke/miniconda3/envs/BLADE/lib/python3.10/site-packages/Deconvolution/BLADE.py:809: RuntimeWarning: divide by zero encountered in log
  return -self.Nsample*np.sum(np.log(Omega))
/home/cke/miniconda3/envs/BLADE/lib/python3.10/site-packages/Deconvolution/BLADE.py:863: RuntimeWarning: invalid value encountered in double_scalars
  return PX+PY+PF-QX-QF
/home/cke/miniconda3/envs/BLADE/lib/python3.10/site-packages/Deconvolution/BLADE.py:809: RuntimeWarning: divide by zero encountered in log
  return -self.Nsample*np.sum(np.log(Omega))
/home/cke/miniconda3/envs/BLADE/lib/python3.10/site-packages/Deconvolution/BLADE.py:863: RuntimeWarning: invalid value encountered in double_scalars
  return PX+PY+PF-QX-QF
/home/cke/miniconda3/envs/BLADE/lib/python3.10/site-packages/Deconvolution/BLADE.py:809: RuntimeWarning: divide by zero encountered in log
  return -self.Nsample*np.sum(np.log(Omega))
/home/cke/miniconda3/envs/BLADE/lib/python3.10/site-packages/Deconvolution/BLADE.py:863: RuntimeWarning: invalid value encountered in double_scalars
  return PX+PY+PF-QX-QF
/home/cke/miniconda3/envs/BLADE/lib/python3.10/site-packages/Deconvolution/BLADE.py:809: RuntimeWarning: divide by zero encountered in log
  return -self.Nsample*np.sum(np.log(Omega))
/home/cke/miniconda3/envs/BLADE/lib/python3.10/site-packages/Deconvolution/BLADE.py:863: RuntimeWarning: invalid value encountered in double_scalars
  return PX+PY+PF-QX-QF
/home/cke/miniconda3/envs/BLADE/lib/python3.10/site-packages/joblib/externals/loky/process_executor.py:702: UserWarning: A worker stopped while some jobs were given to the executor. This can be caused by a too short worker timeout or by a memory leak.
  warnings.warn(
No feature filtering is done (fsel = 0)
/home/cke/miniconda3/envs/BLADE/lib/python3.10/site-packages/Deconvolution/BLADE.py:809: RuntimeWarning: divide by zero encountered in log
  return -self.Nsample*np.sum(np.log(Omega))
/home/cke/miniconda3/envs/BLADE/lib/python3.10/site-packages/Deconvolution/BLADE.py:863: RuntimeWarning: invalid value encountered in double_scalars
  return PX+PY+PF-QX-QF
/home/cke/miniconda3/envs/BLADE/lib/python3.10/site-packages/Deconvolution/BLADE.py:589: NumbaPerformanceWarning: [1m[1m[1m[1mnp.dot() is faster on contiguous arrays, called on (array(float64, 1d, C), array(float64, 2d, A))[0m[0m[0m[0m
  g_Exp = g_Exp_Beta(Nu, Omega, Beta, B0, Ngene, Ncell, Nsample)
/home/cke/miniconda3/envs/BLADE/lib/python3.10/site-packages/Deconvolution/BLADE.py:809: RuntimeWarning: divide by zero encountered in log
  return -self.Nsample*np.sum(np.log(Omega))
/home/cke/miniconda3/envs/BLADE/lib/python3.10/site-packages/Deconvolution/BLADE.py:863: RuntimeWarning: invalid value encountered in double_scalars
  return PX+PY+PF-QX-QF
/home/cke/miniconda3/envs/BLADE/lib/python3.10/site-packages/Deconvolution/BLADE.py:809: RuntimeWarning: divide by zero encountered in log
  return -self.Nsample*np.sum(np.log(Omega))
/home/cke/miniconda3/envs/BLADE/lib/python3.10/site-packages/Deconvolution/BLADE.py:863: RuntimeWarning: invalid value encountered in double_scalars
  return PX+PY+PF-QX-QF
/home/cke/miniconda3/envs/BLADE/lib/python3.10/site-packages/Deconvolution/BLADE.py:809: RuntimeWarning: divide by zero encountered in log
  return -self.Nsample*np.sum(np.log(Omega))
/home/cke/miniconda3/envs/BLADE/lib/python3.10/site-packages/Deconvolution/BLADE.py:863: RuntimeWarning: invalid value encountered in double_scalars
  return PX+PY+PF-QX-QF
/home/cke/miniconda3/envs/BLADE/lib/python3.10/site-packages/Deconvolution/BLADE.py:589: NumbaPerformanceWarning: [1m[1m[1m[1mnp.dot() is faster on contiguous arrays, called on (array(float64, 1d, C), array(float64, 2d, A))[0m[0m[0m[0m
  g_Exp = g_Exp_Beta(Nu, Omega, Beta, B0, Ngene, Ncell, Nsample)
/home/cke/miniconda3/envs/BLADE/lib/python3.10/site-packages/Deconvolution/BLADE.py:809: RuntimeWarning: divide by zero encountered in log
  return -self.Nsamp/home/cke/miniconda3/envs/BLADE/lib/python3.10/site-packages/joblib/externals/loky/backend/resource_tracker.py:318: UserWarning: resource_tracker: There appear to be 203 leaked file objects to clean up at shutdown
  warnings.warn('resource_tracker: There appear to be %d '
/home/cke/miniconda3/envs/BLADE/lib/python3.10/site-packages/joblib/externals/loky/backend/resource_tracker.py:318: UserWarning: resource_tracker: There appear to be 26 leaked semlock objects to clean up at shutdown
  warnings.warn('resource_tracker: There appear to be %d '
/home/cke/miniconda3/envs/BLADE/lib/python3.10/site-packages/joblib/externals/loky/backend/resource_tracker.py:318: UserWarning: resource_tracker: There appear to be 3 leaked folder objects to clean up at shutdown
  warnings.warn('resource_tracker: There appear to be %d '
 array(float64, 2d, A))[0m[0m[0m[0m
  g_Exp = g_Exp_Beta(Nu, Omega, Beta, B0, Ngene, Ncell, Nsample)
/home/cke/miniconda3/envs/BLADE/lib/python3.10/site-packages/Deconvolution/BLADE.py:809: RuntimeWarning: divide by zero encountered in log
  return -self.Nsample*np.sum(np.log(Omega))
/home/cke/miniconda3/envs/BLADE/lib/python3.10/site-packages/Deconvolution/BLADE.py:863: RuntimeWarning: invalid value encountered in double_scalars
  return PX+PY+PF-QX-QF
/home/cke/miniconda3/envs/BLADE/lib/python3.10/site-packages/Deconvolution/BLADE.py:809: RuntimeWarning: divide by zero encountered in log
  return -self.Nsample*np.sum(np.log(Omega))
/home/cke/miniconda3/envs/BLADE/lib/python3.10/site-packages/Deconvolution/BLADE.py:863: RuntimeWarning: invalid value encountered in double_scalars
  return PX+PY+PF-QX-QF
/home/cke/miniconda3/envs/BLADE/lib/python3.10/site-packages/Deconvolution/BLADE.py:589: NumbaPerformanceWarning: [1m[1m[1m[1mnp.dot() is faster on contiguous arrays, called on (array(float64, 1d, C), array(float64, 2d, A))[0m[0m[0m[0m
  g_Exp = g_Exp_Beta(Nu, Omega, Beta, B0, Ngene, Ncell, Nsample)
/home/cke/miniconda3/envs/BLADE/lib/python3.10/site-packages/Deconvolution/BLADE.py:809: RuntimeWarning: divide by zero encountered in log
  return -self.Nsample*np.sum(np.log(Omega))
/home/cke/miniconda3/envs/BLADE/lib/python3.10/site-packages/Deconvolution/BLADE.py:863: RuntimeWarning: invalid value encountered in double_scalars
  return PX+PY+PF-QX-QF
/home/cke/miniconda3/envs/BLADE/lib/python3.10/site-packages/Deconvolution/BLADE.py:809: RuntimeWarning: divide by zero encountered in log
  return -self.Nsample*np.sum(np.log(Omega))
/home/cke/miniconda3/envs/BLADE/lib/python3.10/site-packages/Deconvolution/BLADE.py:863: RuntimeWarning: invalid value encountered in double_scalars
  return PX+PY+PF-QX-QF
/home/cke/miniconda3/envs/BLADE/lib/python3.10/site-packages/Deconvolution/BLADE.py:589: NumbaPerformanceWarning: [1m[1m[1m[1mnp.dot() is faster on contiguous arrays, called on (array(float64, 1d, C), array(float64, 2d, A))[0m[0m[0m[0m
  g_Exp = g_Exp_Beta(Nu, Omega, Beta, B0, Ngene, Ncell, Nsample)
/home/cke/miniconda3/envs/BLADE/lib/python3.10/site-packages/Deconvolution/BLADE.py:809: RuntimeWarning: divide by zero encountered in log
  return -self.Nsample*np.sum(np.log(Omega))
/home/cke/miniconda3/envs/BLADE/lib/python3.10/site-packages/Deconvolution/BLADE.py:863: RuntimeWarning: invalid value encountered in double_scalars
  return PX+PY+PF-QX-QF
/home/cke/miniconda3/envs/BLADE/lib/python3.10/site-packages/Deconvolution/BLADE.py:809: RuntimeWarning: divide by zero encountered in log
  return -self.Nsample*np.sum(np.log(Omega))
/home/cke/miniconda3/envs/BLADE/lib/python3.10/site-packages/Deconvolution/BLADE.py:863: RuntimeWarning: invalid value encountered in double_scalars
  return PX+PY+PF-QX-QF
/home/cke/miniconda3/envs/BLADE/lib/python3.10/site-packages/Deconvolution/BLADE.py:589: NumbaPerformanceWarning: [1m[1m[1m[1mnp.dot() is faster on contiguous arrays, called on (array(float64, 1d, C), array(float64, 2d, A))[0m[0m[0m[0m
  g_Exp = g_Exp_Beta(Nu, Omega, Beta, B0, Ngene, Ncell, Nsample)
/home/cke/miniconda3/envs/BLADE/lib/python3.10/site-packages/Deconvolution/BLADE.py:809: RuntimeWarning: divide by zero encountered in log
  return -self.Nsample*np.sum(np.log(Omega))
/home/cke/miniconda3/envs/BLADE/lib/python3.10/site-packages/Deconvolution/BLADE.py:863: RuntimeWarning: invalid value encountered in double_scalars
  return PX+PY+PF-QX-QF
/home/cke/miniconda3/envs/BLADE/lib/python3.10/site-packages/Deconvolution/BLADE.py:809: RuntimeWarning: divide by zero encountered in log
  return -self.Nsample*np.sum(np.log(Omega))
/home/cke/miniconda3/envs/BLADE/lib/python3.10/site-packages/Deconvolution/BLADE.py:863: RuntimeWarning: invalid value encountered in double_scalars
  return PX+PY+PF-QX-QF
/home/cke/miniconda3/envs/BLADE/lib/python3.10/site-packages/Deconvolution/BLADE.py:589: NumbaPerformanceWarning: [1m[1m[1m[1mnp.dot() is faster on contiguous arrays, called on (array(float64, 1d, C), array(float64, 2d, A))[0m[0m[0m[0m
  g_Exp = g_Exp_Beta(Nu, Omega, Beta, B0, Ngene, Ncell, Nsample)
/home/cke/miniconda3/envs/BLADE/lib/python3.10/site-packages/Deconvolution/BLADE.py:809: RuntimeWarning: divide by zero encountered in log
  return -self.Nsample*np.sum(np.log(Omega))
/home/cke/miniconda3/envs/BLADE/lib/python3.10/site-packages/Deconvolution/BLADE.py:863: RuntimeWarning: invalid value encountered in double_scalars
  return PX+PY+PF-QX-QF
/home/cke/miniconda3/envs/BLADE/lib/python3.10/site-packages/Deconvolution/BLADE.py:809: RuntimeWarning: divide by zero encountered in log
  return -self.Nsample*np.sum(np.log(Omega))
/home/cke/miniconda3/envs/BLADE/lib/python3.10/site-packages/Deconvolution/BLADE.py:863: RuntimeWarning: invalid value encountered in double_scalars
  return PX+PY+PF-QX-QF
/home/cke/miniconda3/envs/BLADE/lib/python3.10/site-packages/Deconvolution/BLADE.py:809: RuntimeWarning: divide by zero encountered in log
  return -self.Nsample*np.sum(np.log(Omega))
/home/cke/miniconda3/envs/BLADE/lib/python3.10/site-packages/Deconvolution/BLADE.py:863: RuntimeWarning: invalid value encountered in double_scalars
  return PX+PY+PF-QX-QF
/home/cke/miniconda3/envs/BLADE/lib/python3.10/site-packages/Deconvolution/BLADE.py:809: RuntimeWarning: divide by zero encountered in log
  return -self.Nsample*np.sum(np.log(Omega))
/home/cke/miniconda3/envs/BLADE/lib/python3.10/site-packages/Deconvolution/BLADE.py:863: RuntimeWarning: invalid value encountered in double_scalars
  return PX+PY+PF-QX-QF
/home/cke/miniconda3/envs/BLADE/lib/python3.10/site-packages/Deconvolution/BLADE.py:589: NumbaPerformanceWarning: [1m[1m[1m[1mnp.dot() is faster on contiguous arrays, called on (array(float64, 1d, C), array(float64, 2d, A))[0m[0m[0m[0m
  g_Exp = g_Exp_Beta(Nu, Omega, Beta, B0, Ngene, Ncell, Nsample)
/home/cke/miniconda3/envs/BLADE/lib/python3.10/site-packages/Deconvolution/BLADE.py:809: RuntimeWarning: divide by zero encountered in log
  return -self.Nsample*np.sum(np.log(Omega))
/home/cke/miniconda3/envs/BLADE/lib/python3.10/site-packages/Deconvolution/BLADE.py:863: RuntimeWarning: invalid value encountered in double_scalars
  return PX+PY+PF-QX-QF
/home/cke/miniconda3/envs/BLADE/lib/python3.10/site-packages/Deconvolution/BLADE.py:809: RuntimeWarning: divide by zero encountered in log
  return -self.Nsample*np.sum(np.log(Omega))
/home/cke/miniconda3/envs/BLADE/lib/python3.10/site-packages/Deconvolution/BLADE.py:863: RuntimeWarning: invalid value encountered in double_scalars
  return PX+PY+PF-QX-QF
[Parallel(n_jobs=20)]: Done  32 tasks      | elapsed: 131.7min
/home/cke/miniconda3/envs/BLADE/lib/python3.10/site-packages/Deconvolution/BLADE.py:589: NumbaPerformanceWarning: [1m[1m[1m[1mnp.dot() is faster on contiguous arrays, called on (array(float64, 1d, C), array(float64, 2d, A))[0m[0m[0m[0m
  g_Exp = g_Exp_Beta(Nu, Omega, Beta, B0, Ngene, Ncell, Nsample)
/home/cke/miniconda3/envs/BLADE/lib/python3.10/site-packages/Deconvolution/BLADE.py:809: RuntimeWarning: divide by zero encountered in log
  return -self.Nsample*np.sum(np.log(Omega))
/home/cke/miniconda3/envs/BLADE/lib/python3.10/site-packages/Deconvolution/BLADE.py:863: RuntimeWarning: invalid value encountered in double_scalars
  return PX+PY+PF-QX-QF
/home/cke/miniconda3/envs/BLADE/lib/python3.10/site-packages/Deconvolution/BLADE.py:809: RuntimeWarning: divide by zero encountered in log
  return -self.Nsample*np.sum(np.log(Omega))
/home/cke/miniconda3/envs/BLADE/lib/python3.10/site-packages/Deconvolution/BLADE.py:863: RuntimeWarning: invalid value encountered in double_scalars
  return PX+PY+PF-QX-QF
/home/cke/miniconda3/envs/BLADE/lib/python3.10/site-packages/Deconvolution/BLADE.py:809: RuntimeWarning: divide by zero encountered in log
  return -self.Nsample*np.sum(np.log(Omega))
/home/cke/miniconda3/envs/BLADE/lib/python3.10/site-packages/Deconvolution/BLADE.py:863: RuntimeWarning: invalid value encountered in double_scalars
  return PX+PY+PF-QX-QF
/home/cke/miniconda3/envs/BLADE/lib/python3.10/site-packages/Deconvolution/BLADE.py:589: NumbaPerformanceWarning: [1m[1m[1m[1mnp.dot() is faster on contiguous arrays, called on (array(float64, 1d, C), array(float64, 2d, A))[0m[0m[0m[0m
  g_Exp = g_Exp_Beta(Nu, Omega, Beta, B0, Ngene, Ncell, Nsample)
/home/cke/miniconda3/envs/BLADE/lib/python3.10/site-packages/Deconvolution/BLADE.py:809: RuntimeWarning: divide by zero encountered in log
  return -self.Nsample*np.sum(np.log(Omega))
/home/cke/miniconda3/envs/BLADE/lib/python3.10/site-packages/Deconvolution/BLADE.py:863: RuntimeWarning: invalid value encountered in double_scalars
  return PX+PY+PF-QX-QF
/home/cke/miniconda3/envs/BLADE/lib/python3.10/site-packages/Deconvolution/BLADE.py:809: RuntimeWarning: divide by zero encountered in log
  return -self.Nsample*np.sum(np.log(Omega))
/home/cke/miniconda3/envs/BLADE/lib/python3.10/site-packages/Deconvolution/BLADE.py:863: RuntimeWarning: invalid value encountered in double_scalars
  return PX+PY+PF-QX-QF
/home/cke/miniconda3/envs/BLADE/lib/python3.10/site-packages/Deconvolution/BLADE.py:809: RuntimeWarning: divide by zero encountered in log
  return -self.Nsample*np.sum(np.log(Omega))
/home/cke/miniconda3/envs/BLADE/lib/python3.10/site-packages/Deconvolution/BLADE.py:863: RuntimeWarning: invalid value encountered in double_scalars
  return PX+PY+PF-QX-QF
/home/cke/miniconda3/envs/BLADE/lib/python3.10/site-packages/Deconvolution/BLADE.py:589: NumbaPerformanceWarning: [1m[1m[1m[1mnp.dot() is faster on contiguous arrays, called on (array(float64, 1d, C), array(float64, 2d, A))[0m[0m[0m[0m
  g_Exp = g_Exp_Beta(Nu, Omega, Beta, B0, Ngene, Ncell, Nsample)
/home/cke/miniconda3/envs/BLADE/lib/python3.10/site-packages/Deconvolution/BLADE.py:809: RuntimeWarning: divide by zero encountered in log
  return -self.Nsample*np.sum(np.log(Omega))
/home/cke/miniconda3/envs/BLADE/lib/python3.10/site-packages/Deconvolution/BLADE.py:863: RuntimeWarning: invalid value encountered in double_scalars
  return PX+PY+PF-QX-QF
/home/cke/miniconda3/envs/BLADE/lib/python3.10/site-packages/Deconvolution/BLADE.py:809: RuntimeWarning: divide by zero encountered in log
  return -self.Nsample*np.sum(np.log(Omega))
/home/cke/miniconda3/envs/BLADE/lib/python3.10/site-packages/Deconvolution/BLADE.py:863: RuntimeWarning: invalid value encountered in double_scalars
  return PX+PY+PF-QX-QF
/home/cke/miniconda3/envs/BLADE/lib/python3.10/site-packages/Deconvolution/BLADE.py:809: RuntimeWarning: divide by zero encountered in log
  return -self.Nsample*np.sum(np.log(Omega))
/home/cke/miniconda3/envs/BLADE/lib/python3.10/site-packages/Deconvolution/BLADE.py:863: RuntimeWarning: invalid value encountered in double_scalars
  return PX+PY+PF-QX-QF
/home/cke/miniconda3/envs/BLADE/lib/python3.10/site-packages/Deconvolution/BLADE.py:589: NumbaPerformanceWarning: [1m[1m[1m[1mnp.dot() is faster on contiguous arrays, called on (array(float64, 1d, C), array(float64, 2d, A))[0m[0m[0m[0m
  g_Exp = g_Exp_Beta(Nu, Omega, Beta, B0, Ngene, Ncell, Nsample)
/home/cke/miniconda3/envs/BLADE/lib/python3.10/site-packages/Deconvolution/BLADE.py:809: RuntimeWarning: divide by zero encountered in log
  return -self.Nsample*np.sum(np.log(Omega))
/home/cke/miniconda3/envs/BLADE/lib/python3.10/site-packages/Deconvolution/BLADE.py:863: RuntimeWarning: invalid value encountered in double_scalars
  return PX+PY+PF-QX-QF
/home/cke/miniconda3/envs/BLADE/lib/python3.10/site-packages/Deconvolution/BLADE.py:809: RuntimeWarning: divide by zero encountered in log
  return -self.Nsample*np.sum(np.log(Omega))
/home/cke/miniconda3/envs/BLADE/lib/python3.10/site-packages/Deconvolution/BLADE.py:863: RuntimeWarning: invalid value encountered in double_scalars
  return PX+PY+PF-QX-QF
/home/cke/miniconda3/envs/BLADE/lib/python3.10/site-packages/Deconvolution/BLADE.py:809: RuntimeWarning: divide by zero encountered in log
  return -self.Nsample*np.sum(np.log(Omega))
/home/cke/miniconda3/envs/BLADE/lib/python3.10/site-packages/Deconvolution/BLADE.py:863: RuntimeWarning: invalid value encountered in double_scalars
  return PX+PY+PF-QX-QF
[Parallel(n_jobs=20)]: Done  45 tasks      | elapsed: 174.8min
/home/cke/miniconda3/envs/BLADE/lib/python3.10/site-packages/Deconvolution/BLADE.py:809: RuntimeWarning: divide by zero encountered in log
  return -self.Nsample*np.sum(np.log(Omega))
/home/cke/miniconda3/envs/BLADE/lib/python3.10/site-packages/Deconvolution/BLADE.py:863: RuntimeWarning: invalid value encountered in double_scalars
  return PX+PY+PF-QX-QF
/home/cke/miniconda3/envs/BLADE/lib/python3.10/site-packages/Deconvolution/BLADE.py:809: RuntimeWarning: divide by zero encountered in log
  return -self.Nsample*np.sum(np.log(Omega))
/home/cke/miniconda3/envs/BLADE/lib/python3.10/site-packages/Deconvolution/BLADE.py:863: RuntimeWarning: invalid value encountered in double_scalars
  return PX+PY+PF-QX-QF
/home/cke/miniconda3/envs/BLADE/lib/python3.10/site-packages/Deconvolution/BLADE.py:809: RuntimeWarning: divide by zero encountered in log
  return -self.Nsample*np.sum(np.log(Omega))
/home/cke/miniconda3/envs/BLADE/lib/python3.10/site-packages/Deconvolution/BLADE.py:863: RuntimeWarning: invalid value encountered in double_scalars
  return PX+PY+PF-QX-QF
/home/cke/miniconda3/envs/BLADE/lib/python3.10/site-packages/Deconvolution/BLADE.py:809: RuntimeWarning: divide by zero encountered in log
  return -self.Nsample*np.sum(np.log(Omega))
/home/cke/miniconda3/envs/BLADE/lib/python3.10/site-packages/Deconvolution/BLADE.py:863: RuntimeWarning: invalid value encountered in double_scalars
  return PX+PY+PF-QX-QF
/home/cke/miniconda3/envs/BLADE/lib/python3.10/site-packages/Deconvolution/BLADE.py:809: RuntimeWarning: divide by zero encountered in log
  return -self.Nsample*np.sum(np.log(Omega))
/home/cke/miniconda3/envs/BLADE/lib/python3.10/site-packages/Deconvolution/BLADE.py:863: RuntimeWarning: invalid value encountered in double_scalars
  return PX+PY+PF-QX-QF
/home/cke/miniconda3/envs/BLADE/lib/python3.10/site-packages/Deconvolution/BLADE.py:809: RuntimeWarning: divide by zero encountered in log
  return -self.Nsample*np.sum(np.log(Omega))
/home/cke/miniconda3/envs/BLADE/lib/python3.10/site-packages/Deconvolution/BLADE.py:863: RuntimeWarning: invalid value encountered in double_scalars
  return PX+PY+PF-QX-QF
/home/cke/miniconda3/envs/BLADE/lib/python3.10/site-packages/Deconvolution/BLADE.py:589: NumbaPerformanceWarning: [1m[1m[1m[1mnp.dot() is faster on contiguous arrays, called on (array(float64, 1d, C), array(float64, 2d, A))[0m[0m[0m[0m
  g_Exp = g_Exp_Beta(Nu, Omega, Beta, B0, Ngene, Ncell, Nsample)
/home/cke/miniconda3/envs/BLADE/lib/python3.10/site-packages/Deconvolution/BLADE.py:809: RuntimeWarning: divide by zero encountered in log
  return -self.Nsample*np.sum(np.log(Omega))
/home/cke/miniconda3/envs/BLADE/lib/python3.10/site-packages/Deconvolution/BLADE.py:863: RuntimeWarning: invalid value encountered in double_scalars
  return PX+PY+PF-QX-QF
/home/cke/miniconda3/envs/BLADE/lib/python3.10/site-packages/Deconvolution/BLADE.py:809: RuntimeWarning: divide by zero encountered in log
  return -self.Nsample*np.sum(np.log(Omega))
/home/cke/miniconda3/envs/BLADE/lib/python3.10/site-packages/Deconvolution/BLADE.py:863: RuntimeWarning: invalid value encountered in double_scalars
  return PX+PY+PF-QX-QF
/home/cke/miniconda3/envs/BLADE/lib/python3.10/site-packages/Deconvolution/BLADE.py:809: RuntimeWarning: divide by zero encountered in log
  return -self.Nsample*np.sum(np.log(Omega))
/home/cke/miniconda3/envs/BLADE/lib/python3.10/site-packages/Deconvolution/BLADE.py:863: RuntimeWarning: invalid value encountered in double_scalars
  return PX+PY+PF-QX-QF
[Parallel(n_jobs=20)]: Done  58 tasks      | elapsed: 225.7min
/home/cke/miniconda3/envs/BLADE/lib/python3.10/site-packages/Deconvolution/BLADE.py:809: RuntimeWarning: divide by zero encountered in log
  return -self.Nsample*np.sum(np.log(Omega))
/home/cke/miniconda3/envs/BLADE/lib/python3.10/site-packages/Deconvolution/BLADE.py:863: RuntimeWarning: invalid value encountered in double_scalars
  return PX+PY+PF-QX-QF
/home/cke/miniconda3/envs/BLADE/lib/python3.10/site-packages/Deconvolution/BLADE.py:809: RuntimeWarning: divide by zero encountered in log
  return -self.Nsample*np.sum(np.log(Omega))
/home/cke/miniconda3/envs/BLADE/lib/python3.10/site-packages/Deconvolution/BLADE.py:863: RuntimeWarning: invalid value encountered in double_scalars
  return PX+PY+PF-QX-QF
/home/cke/miniconda3/envs/BLADE/lib/python3.10/site-packages/Deconvolution/BLADE.py:589: NumbaPerformanceWarning: [1m[1m[1m[1mnp.dot() is faster on contiguous arrays, called on (array(float64, 1d, C), array(float64, 2d, A))[0m[0m[0m[0m
  g_Exp = g_Exp_Beta(Nu, Omega, Beta, B0, Ngene, Ncell, Nsample)
/home/cke/miniconda3/envs/BLADE/lib/python3.10/site-packages/Deconvolution/BLADE.py:809: RuntimeWarning: divide by zero encountered in log
  return -self.Nsample*np.sum(np.log(Omega))
/home/cke/miniconda3/envs/BLADE/lib/python3.10/site-packages/Deconvolution/BLADE.py:863: RuntimeWarning: invalid value encountered in double_scalars
  return PX+PY+PF-QX-QF
/home/cke/miniconda3/envs/BLADE/lib/python3.10/site-packages/Deconvolution/BLADE.py:809: RuntimeWarning: divide by zero encountered in log
  return -self.Nsample*np.sum(np.log(Omega))
/home/cke/miniconda3/envs/BLADE/lib/python3.10/site-packages/Deconvolution/BLADE.py:863: RuntimeWarning: invalid value encountered in double_scalars
  return PX+PY+PF-QX-QF
/home/cke/miniconda3/envs/BLADE/lib/python3.10/site-packages/Deconvolution/BLADE.py:589: NumbaPerformanceWarning: [1m[1m[1m[1mnp.dot() is faster on contiguous arrays, called on (array(float64, 1d, C), array(float64, 2d, A))[0m[0m[0m[0m
  g_Exp = g_Exp_Beta(Nu, Omega, Beta, B0, Ngene, Ncell, Nsample)
/home/cke/miniconda3/envs/BLADE/lib/python3.10/site-packages/Deconvolution/BLADE.py:809: RuntimeWarning: divide by zero encountered in log
  return -self.Nsample*np.sum(np.log(Omega))
/home/cke/miniconda3/envs/BLADE/lib/python3.10/site-packages/Deconvolution/BLADE.py:863: RuntimeWarning: invalid value encountered in double_scalars
  return PX+PY+PF-QX-QF
[Parallel(n_jobs=20)]: Done  73 tasks      | elapsed: 307.6min
/home/cke/miniconda3/envs/BLADE/lib/python3.10/site-packages/Deconvolution/BLADE.py:809: RuntimeWarning: divide by zero encountered in log
  return -self.Nsample*np.sum(np.log(Omega))
/home/cke/miniconda3/envs/BLADE/lib/python3.10/site-packages/Deconvolution/BLADE.py:863: RuntimeWarning: invalid value encountered in double_scalars
  return PX+PY+PF-QX-QF
[Parallel(n_jobs=20)]: Done  88 tasks      | elapsed: 376.8min
/home/cke/miniconda3/envs/BLADE/lib/python3.10/site-packages/Deconvolution/BLADE.py:809: RuntimeWarning: divide by zero encountered in log
  return -self.Nsample*np.sum(np.log(Omega))
/home/cke/miniconda3/envs/BLADE/lib/python3.10/site-packages/Deconvolution/BLADE.py:863: RuntimeWarning: invalid value encountered in double_scalars
  return PX+PY+PF-QX-QF
[Parallel(n_jobs=20)]: Done 105 tasks      | elapsed: 426.9min
[Parallel(n_jobs=20)]: Done 122 tasks      | elapsed: 486.4min
[Parallel(n_jobs=20)]: Done 141 tasks      | elapsed: 550.8min
[Parallel(n_jobs=20)]: Done 160 tasks      | elapsed: 597.6min
[Parallel(n_jobs=20)]: Done 181 tasks      | elapsed: 658.4min
/home/cke/miniconda3/envs/BLADE/lib/python3.10/site-packages/Deconvolution/BLADE.py:809: RuntimeWarning: divide by zero encountered in log
  return -self.Nsample*np.sum(np.log(Omega))
/home/cke/miniconda3/envs/BLADE/lib/python3.10/site-packages/Deconvolution/BLADE.py:863: RuntimeWarning: invalid value encountered in double_scalars
  return PX+PY+PF-QX-QF
/home/cke/miniconda3/envs/BLADE/lib/python3.10/site-packages/Deconvolution/BLADE.py:589: NumbaPerformanceWarning: [1m[1m[1m[1mnp.dot() is faster on contiguous arrays, called on (array(float64, 1d, C), array(float64, 2d, A))[0m[0m[0m[0m
  g_Exp = g_Exp_Beta(Nu, Omega, Beta, B0, Ngene, Ncell, Nsample)
/home/cke/miniconda3/envs/BLADE/lib/python3.10/site-packages/Deconvolution/BLADE.py:809: RuntimeWarning: divide by zero encountered in log
  return -self.Nsample*np.sum(np.log(Omega))
/home/cke/miniconda3/envs/BLADE/lib/python3.10/site-packages/Deconvolution/BLADE.py:863: RuntimeWarning: invalid value encountered in double_scalars
  return PX+PY+PF-QX-QF
[Parallel(n_jobs=20)]: Done 202 tasks      | elapsed: 722.8min
/home/cke/miniconda3/envs/BLADE/lib/python3.10/site-packages/Deconvolution/BLADE.py:809: RuntimeWarning: divide by zero encountered in log
  return -self.Nsample*np.sum(np.log(Omega))
/home/cke/miniconda3/envs/BLADE/lib/python3.10/site-packages/Deconvolution/BLADE.py:863: RuntimeWarning: invalid value encountered in double_scalars
  return PX+PY+PF-QX-QF
[Parallel(n_jobs=20)]: Done 225 tasks      | elapsed: 810.1min
[Parallel(n_jobs=20)]: Done 248 tasks      | elapsed: 885.4min
/home/cke/miniconda3/envs/BLADE/lib/python3.10/site-packages/Deconvolution/BLADE.py:809: RuntimeWarning: divide by zero encountered in log
  return -self.Nsample*np.sum(np.log(Omega))
/home/cke/miniconda3/envs/BLADE/lib/python3.10/site-packages/Deconvolution/BLADE.py:863: RuntimeWarning: invalid value encountered in double_scalars
  return PX+PY+PF-QX-QF
/home/cke/miniconda3/envs/BLADE/lib/python3.10/site-packages/Deconvolution/BLADE.py:589: NumbaPerformanceWarning: [1m[1m[1m[1mnp.dot() is faster on contiguous arrays, called on (array(float64, 1d, C), array(float64, 2d, A))[0m[0m[0m[0m
  g_Exp = g_Exp_Beta(Nu, Omega, Beta, B0, Ngene, Ncell, Nsample)
/home/cke/miniconda3/envs/BLADE/lib/python3.10/site-packages/Deconvolution/BLADE.py:809: RuntimeWarning: divide by zero encountered in log
  return -self.Nsample*np.sum(np.log(Omega))
/home/cke/miniconda3/envs/BLADE/lib/python3.10/site-packages/Deconvolution/BLADE.py:863: RuntimeWarning: invalid value encountered in double_scalars
  return PX+PY+PF-QX-QF
/home/cke/miniconda3/envs/BLADE/lib/python3.10/site-packages/Deconvolution/BLADE.py:809: RuntimeWarning: divide by zero encountered in log
  return -self.Nsample*np.sum(np.log(Omega))
/home/cke/miniconda3/envs/BLADE/lib/python3.10/site-packages/Deconvolution/BLADE.py:863: RuntimeWarning: invalid value encountered in double_scalars
  return PX+PY+PF-QX-QF
/home/cke/miniconda3/envs/BLADE/lib/python3.10/site-packages/Deconvolution/BLADE.py:589: NumbaPerformanceWarning: [1m[1m[1m[1mnp.dot() is faster on contiguous arrays, called on (array(float64, 1d, C), array(float64, 2d, A))[0m[0m[0m[0m
  g_Exp = g_Exp_Beta(Nu, Omega, Beta, B0, Ngene, Ncell, Nsample)
/home/cke/miniconda3/envs/BLADE/lib/python3.10/site-packages/Deconvolution/BLADE.py:809: RuntimeWarning: divide by zero encountered in log
  return -self.Nsample*np.sum(np.log(Omega))
/home/cke/miniconda3/envs/BLADE/lib/python3.10/site-packages/Deconvolution/BLADE.py:863: RuntimeWarning: invalid value encountered in double_scalars
  return PX+PY+PF-QX-QF
[Parallel(n_jobs=20)]: Done 273 tasks      | elapsed: 959.7min
/home/cke/miniconda3/envs/BLADE/lib/python3.10/site-packages/Deconvolution/BLADE.py:809: RuntimeWarning: divide by zero encountered in log
  return -self.Nsample*np.sum(np.log(Omega))
/home/cke/miniconda3/envs/BLADE/lib/python3.10/site-packages/Deconvolution/BLADE.py:863: RuntimeWarning: invalid value encountered in double_scalars
  return PX+PY+PF-QX-QF
/home/cke/miniconda3/envs/BLADE/lib/python3.10/site-packages/Deconvolution/BLADE.py:809: RuntimeWarning: divide by zero encountered in log
  return -self.Nsample*np.sum(np.log(Omega))
/home/cke/miniconda3/envs/BLADE/lib/python3.10/site-packages/Deconvolution/BLADE.py:863: RuntimeWarning: invalid value encountered in double_scalars
  return PX+PY+PF-QX-QF
/home/cke/miniconda3/envs/BLADE/lib/python3.10/site-packages/Deconvolution/BLADE.py:809: RuntimeWarning: divide by zero encountered in log
  return -self.Nsample*np.sum(np.log(Omega))
/home/cke/miniconda3/envs/BLADE/lib/python3.10/site-packages/Deconvolution/BLADE.py:863: RuntimeWarning: invalid value encountered in double_scalars
  return PX+PY+PF-QX-QF
/home/cke/miniconda3/envs/BLADE/lib/python3.10/site-packages/Deconvolution/BLADE.py:589: NumbaPerformanceWarning: [1m[1m[1m[1mnp.dot() is faster on contiguous arrays, called on (array(float64, 1d, C), array(float64, 2d, A))[0m[0m[0m[0m
  g_Exp = g_Exp_Beta(Nu, Omega, Beta, B0, Ngene, Ncell, Nsample)
/home/cke/miniconda3/envs/BLADE/lib/python3.10/site-packages/Deconvolution/BLADE.py:809: RuntimeWarning: divide by zero encountered in log
  return -self.Nsample*np.sum(np.log(Omega))
/home/cke/miniconda3/envs/BLADE/lib/python3.10/site-packages/Deconvolution/BLADE.py:863: RuntimeWarning: invalid value encountered in double_scalars
  return PX+PY+PF-QX-QF
[Parallel(n_jobs=20)]: Done 298 tasks      | elapsed: 1034.5min
/home/cke/miniconda3/envs/BLADE/lib/python3.10/site-packages/Deconvolution/BLADE.py:809: RuntimeWarning: divide by zero encountered in log
  return -self.Nsample*np.sum(np.log(Omega))
/home/cke/miniconda3/envs/BLADE/lib/python3.10/site-packages/Deconvolution/BLADE.py:863: RuntimeWarning: invalid value encountered in double_scalars
  return PX+PY+PF-QX-QF
[Parallel(n_jobs=20)]: Done 325 tasks      | elapsed: 1101.6min
[Parallel(n_jobs=20)]: Done 352 tasks      | elapsed: 1168.9min
[Parallel(n_jobs=20)]: Done 381 tasks      | elapsed: 1251.8min
[Parallel(n_jobs=20)]: Done 410 tasks      | elapsed: 1349.3min
[Parallel(n_jobs=20)]: Done 450 out of 450 | elapsed: 1454.3min finished
Done optimization, elapsed time (min): 1481.91889137427
