nohup: ignoring input
WARNING: adata.X seems to be already log-transformed.
  0%|          | 0/4 [00:00<?, ?it/s] 25%|██▌       | 1/4 [00:30<01:30, 30.03s/it] 50%|█████     | 2/4 [01:00<01:00, 30.03s/it] 75%|███████▌  | 3/4 [01:30<00:30, 30.03s/it]100%|██████████| 4/4 [02:00<00:00, 30.03s/it]100%|██████████| 4/4 [02:00<00:00, 30.03s/it]
  0%|          | 0/4 [00:00<?, ?it/s][Parallel(n_jobs=20)]: Using backend LokyBackend with 20 concurrent workers.
[Parallel(n_jobs=20)]: Done   1 tasks      | elapsed:    8.7s
[Parallel(n_jobs=20)]: Done  10 tasks      | elapsed:   14.8s
[Parallel(n_jobs=20)]: Done  21 tasks      | elapsed:   23.9s
[Parallel(n_jobs=20)]: Done  32 tasks      | elapsed:   34.6s
[Parallel(n_jobs=20)]: Done  45 tasks      | elapsed:   48.9s
[Parallel(n_jobs=20)]: Done  58 tasks      | elapsed:  1.1min
[Parallel(n_jobs=20)]: Done  73 tasks      | elapsed:  1.4min
[Parallel(n_jobs=20)]: Done  88 tasks      | elapsed:  1.6min
[Parallel(n_jobs=20)]: Done 105 tasks      | elapsed:  2.0min
[Parallel(n_jobs=20)]: Done 122 tasks      | elapsed:  2.4min
[Parallel(n_jobs=20)]: Done 141 tasks      | elapsed:  2.7min
[Parallel(n_jobs=20)]: Done 160 tasks      | elapsed:  3.0min
[Parallel(n_jobs=20)]: Done 181 tasks      | elapsed:  3.5min
[Parallel(n_jobs=20)]: Done 202 tasks      | elapsed:  4.1min
[Parallel(n_jobs=20)]: Done 225 tasks      | elapsed:  4.6min
[Parallel(n_jobs=20)]: Done 248 tasks      | elapsed:  5.4min
[Parallel(n_jobs=20)]: Done 273 tasks      | elapsed:  6.1min
[Parallel(n_jobs=20)]: Done 298 tasks      | elapsed:  6.6min
[Parallel(n_jobs=20)]: Done 325 tasks      | elapsed:  7.5min
[Parallel(n_jobs=20)]: Done 352 tasks      | elapsed:  8.5min
[Parallel(n_jobs=20)]: Done 381 tasks      | elapsed:  9.3min
[Parallel(n_jobs=20)]: Done 410 tasks      | elapsed: 10.0min
[Parallel(n_jobs=20)]: Done 441 tasks      | elapsed: 11.0min
[Parallel(n_jobs=20)]: Done 472 tasks      | elapsed: 11.6min
[Parallel(n_jobs=20)]: Done 505 tasks      | elapsed: 12.2min
[Parallel(n_jobs=20)]: Done 546 out of 546 | elapsed: 16.2min finished
[Parallel(n_jobs=20)]: Using backend LokyBackend with 20 concurrent workers.
/home/cke/miniconda3/envs/BLADE/lib/python3.10/site-packages/Deconvolution/BLADE.py:809: RuntimeWarning: divide by zero encountered in log
  return -self.Nsample*np.sum(np.log(Omega))
/home/cke/miniconda3/envs/BLADE/lib/python3.10/site-packages/Deconvolution/BLADE.py:863: RuntimeWarning: invalid value encountered in double_scalars
  return PX+PY+PF-QX-QF
/home/cke/miniconda3/envs/BLADE/lib/python3.10/site-packages/Deconvolution/BLADE.py:809: RuntimeWarning: divide by zero encountered in log
  return -self.Nsample*np.sum(np.log(Omega))
/home/cke/miniconda3/envs/BLADE/lib/python3.10/site-packages/Deconvolution/BLADE.py:863: RuntimeWarning: invalid value encountered in double_scalars
  return PX+PY+PF-QX-QF
/home/cke/miniconda3/envs/BLADE/lib/python3.10/site-packages/Deconvolution/BLADE.py:809: RuntimeWarning: divide by zero encountered in log
  return -self.Nsample*np.sum(np.log(Omega))
/home/cke/miniconda3/envs/BLADE/lib/python3.10/site-packages/Deconvolution/BLADE.py:863: RuntimeWarning: invalid value encountered in double_scalars
  return PX+PY+PF-QX-QF
/home/cke/miniconda3/envs/BLADE/lib/python3.10/site-packages/Deconvolution/BLADE.py:809: RuntimeWarning: divide by zero encountered in log
  return -self.Nsample*np.sum(np.log(Omega))
/home/cke/miniconda3/envs/BLADE/lib/python3.10/site-packages/Deconvolution/BLADE.py:863: RuntimeWarning: invalid value encountered in double_scalars
  return PX+PY+PF-QX-QF
/home/cke/miniconda3/envs/BLADE/lib/python3.10/site-packages/Deconvolution/BLADE.py:809: RuntimeWarning: divide by zero encountered in log
  return -self.Nsample*np.sum(np.log(Omega))
/home/cke/miniconda3/envs/BLADE/lib/python3.10/site-packages/Deconvolution/BLADE.py:863: RuntimeWarning: invalid value encountered in double_scalars
  return PX+PY+PF-QX-QF
/home/cke/miniconda3/envs/BLADE/lib/python3.10/site-packages/Deconvolution/BLADE.py:809: RuntimeWarning: divide by zero encountered in log
  return -self.Nsample*np.sum(np.log(Omega))
/home/cke/miniconda3/envs/BLADE/lib/python3.10/site-packages/Deconvolution/BLADE.py:863: RuntimeWarning: invalid value encountered in double_scalars
  return PX+PY+PF-QX-QF
/home/cke/miniconda3/envs/BLADE/lib/python3.10/site-packages/Deconvolution/BLADE.py:809: RuntimeWarning: divide by zero encountered in log
  return -self.Nsample*np.sum(np.log(Omega))
/home/cke/miniconda3/envs/BLADE/lib/python3.10/site-packages/Deconvolution/BLADE.py:863: RuntimeWarning: invalid value encountered in double_scalars
  return PX+PY+PF-QX-QF
/home/cke/miniconda3/envs/BLADE/lib/python3.10/site-packages/Deconvolution/BLADE.py:809: RuntimeWarning: divide by zero encountered in log
  return -self.Nsample*np.sum(np.log(Omega))
/home/cke/miniconda3/envs/BLADE/lib/python3.10/site-packages/Deconvolution/BLADE.py:863: RuntimeWarning: invalid value encountered in double_scalars
  return PX+PY+PF-QX-QF
/home/cke/miniconda3/envs/BLADE/lib/python3.10/site-packages/Deconvolution/BLADE.py:809: RuntimeWarning: divide by zero encountered in log
  return -self.Nsample*np.sum(np.log(Omega))
/home/cke/miniconda3/envs/BLADE/lib/python3.10/site-packages/Deconvolution/BLADE.py:863: RuntimeWarning: invalid value encountered in double_scalars
  return PX+PY+PF-QX-QF
/home/cke/miniconda3/envs/BLADE/lib/python3.10/site-packages/Deconvolution/BLADE.py:809: RuntimeWarning: divide by zero encountered in log
  return -self.Nsample*np.sum(np.log(Omega))
/home/cke/miniconda3/envs/BLADE/lib/python3.10/site-packages/Deconvolution/BLADE.py:863: RuntimeWarning: invalid value encountered in double_scalars
  return PX+PY+PF-QX-QF
/home/cke/miniconda3/envs/BLADE/lib/python3.10/site-packages/Deconvolution/BLADE.py:809: RuntimeWarning: divide by zero encountered in log
  return -self.Nsample*np.sum(np.log(Omega))
/home/cke/miniconda3/envs/BLADE/lib/python3.10/site-packages/Deconvolution/BLADE.py:863: RuntimeWarning: invalid value encountered in double_scalars
  return PX+PY+PF-QX-QF
/home/cke/miniconda3/envs/BLADE/lib/python3.10/site-packages/Deconvolution/BLADE.py:809: RuntimeWarning: divide by zero encountered in log
  return -self.Nsample*np.sum(np.log(Omega))
/home/cke/miniconda3/envs/BLADE/lib/python3.10/site-packages/Deconvolution/BLADE.py:863: RuntimeWarning: invalid value encountered in double_scalars
  return PX+PY+PF-QX-QF
/home/cke/miniconda3/envs/BLADE/lib/python3.10/site-packages/Deconvolution/BLADE.py:809: RuntimeWarning: divide by zero encountered in log
  return -self.Nsample*np.sum(np.log(Omega))
/home/cke/miniconda3/envs/BLADE/lib/python3.10/site-packages/Deconvolution/BLADE.py:863: RuntimeWarning: invalid value encountered in double_scalars
  return PX+PY+PF-QX-QF
/home/cke/miniconda3/envs/BLADE/lib/python3.10/site-packages/Deconvolution/BLADE.py:809: RuntimeWarning: divide by zero encountered in log
  return -self.Nsample*np.sum(np.log(Omega))
/home/cke/miniconda3/envs/BLADE/lib/python3.10/site-packages/Deconvolution/BLADE.py:863: RuntimeWarning: invalid value encountered in double_scalars
  return PX+PY+PF-QX-QF
/home/cke/miniconda3/envs/BLADE/lib/python3.10/site-packages/Deconvolution/BLADE.py:809: RuntimeWarning: divide by zero encountered in log
  return -self.Nsample*np.sum(np.log(Omega))
/home/cke/miniconda3/envs/BLADE/lib/python3.10/site-packages/Deconvolution/BLADE.py:863: RuntimeWarning: invalid value encountered in double_scalars
  return PX+PY+PF-QX-QF
/home/cke/miniconda3/envs/BLADE/lib/python3.10/site-packages/Deconvolution/BLADE.py:809: RuntimeWarning: divide by zero encountered in log
  return -self.Nsample*np.sum(np.log(Omega))
/home/cke/miniconda3/envs/BLADE/lib/python3.10/site-packages/Deconvolution/BLADE.py:863: RuntimeWarning: invalid value encountered in double_scalars
  return PX+PY+PF-QX-QF
/home/cke/miniconda3/envs/BLADE/lib/python3.10/site-packages/Deconvolution/BLADE.py:809: RuntimeWarning: divide by zero encountered in log
  return -self.Nsample*np.sum(np.log(Omega))
/home/cke/miniconda3/envs/BLADE/lib/python3.10/site-packages/Deconvolution/BLADE.py:863: RuntimeWarning: invalid value encountered in double_scalars
  return PX+PY+PF-QX-QF
/home/cke/miniconda3/envs/BLADE/lib/python3.10/site-packages/Deconvolution/BLADE.py:809: RuntimeWarning: divide by zero encountered in log
  return -self.Nsample*np.sum(np.log(Omega))
/home/cke/miniconda3/envs/BLADE/lib/python3.10/site-packages/Deconvolution/BLADE.py:863: RuntimeWarning: invalid value encountered in double_scalars
  return PX+PY+PF-QX-QF
/home/cke/miniconda3/envs/BLADE/lib/python3.10/site-packages/Deconvolution/BLADE.py:809: RuntimeWarning: divide by zero encountered in log
  return -self.Nsample*np.sum(np.log(Omega))
/home/cke/miniconda3/envs/BLADE/lib/python3.10/site-packages/Deconvolution/BLADE.py:863: RuntimeWarning: invalid value encountered in double_scalars
  return PX+PY+PF-QX-QF
/home/cke/miniconda3/envs/BLADE/lib/python3.10/site-packages/Deconvolution/BLADE.py:809: RuntimeWarning: divide by zero encountered in log
  return -self.Nsample*np.sum(np.log(Omega))
/home/cke/miniconda3/envs/BLADE/lib/python3.10/site-packages/Deconvolution/BLADE.py:863: RuntimeWarning: invalid value encountered in double_scalars
  return PX+PY+PF-QX-QF
/home/cke/miniconda3/envs/BLADE/lib/python3.10/site-packages/Deconvolution/BLADE.py:589: NumbaPerformanceWarning: [1m[1m[1m[1mnp.dot() is faster on contiguous arrays, called on (array(float64, 1d, C), array(float64, 2d, A))[0m[0m[0m[0m
  g_Exp = g_Exp_Beta(Nu, Omega, Beta, B0, Ngene, Ncell, Nsample)
/home/cke/miniconda3/envs/BLADE/lib/python3.10/site-packages/Deconvolution/BLADE.py:589: NumbaPerformanceWarning: [1m[1m[1m[1mnp.dot() is faster on contiguous arrays, called on (array(float64, 1d, C), array(float64, 2d, A))[0m[0m[0m[0m
  g_Exp = g_Exp_Beta(Nu, Omega, Beta, B0, Ngene, Ncell, Nsample)
/home/cke/miniconda3/envs/BLADE/lib/python3.10/site-packages/Deconvolution/BLADE.py:589: NumbaPerformanceWarning: [1m[1m[1m[1mnp.dot() is faster on contiguous arrays, called on (array(float64, 1d, C), array(float64, 2d, A))[0m[0m[0m[0m
  g_Exp = g_Exp_Beta(Nu, Omega, Beta, B0, Ngene, Ncell, Nsample)
/home/cke/miniconda3/envs/BLADE/lib/python3.10/site-packages/Deconvolution/BLADE.py:589: NumbaPerformanceWarning: [1m[1m[1m[1mnp.dot() is faster on contiguous arrays, called on (array(float64, 1d, C), array(float64, 2d, A))[0m[0m[0m[0m
  g_Exp = g_Exp_Beta(Nu, Omega, Beta, B0, Ngene, Ncell, Nsample)
/home/cke/miniconda3/envs/BLADE/lib/python3.10/site-packages/Deconvolution/BLADE.py:589: NumbaPerformanceWarning: [1m[1m[1m[1mnp.dot() is faster on contiguous arrays, called on (array(float64, 1d, C), array(float64, 2d, A))[0m[0m[0m[0m
  g_Exp = g_Exp_Beta(Nu, Omega, Beta, B0, Ngene, Ncell, Nsample)
/home/cke/miniconda3/envs/BLADE/lib/python3.10/site-packages/Deconvolution/BLADE.py:589: NumbaPerformanceWarning: [1m[1m[1m[1mnp.dot() is faster on contiguous arrays, called on (array(float64, 1d, C), array(float64, 2d, A))[0m[0m[0m[0m
  g_Exp = g_Exp_Beta(Nu, Omega, Beta, B0, Ngene, Ncell, Nsample)
/home/cke/miniconda3/envs/BLADE/lib/python3.10/site-packages/Deconvolution/BLADE.py:589: NumbaPerformanceWarning: [1m[1m[1m[1mnp.dot() is faster on contiguous arrays, called on (array(float64, 1d, C), array(float64, 2d, A))[0m[0m[0m[0m
  g_Exp = g_Exp_Beta(Nu, Omega, Beta, B0, Ngene, Ncell, Nsample)
/home/cke/miniconda3/envs/BLADE/lib/python3.10/site-packages/Deconvolution/BLADE.py:589: NumbaPerformanceWarning: [1m[1m[1m[1mnp.dot() is faster on contiguous arrays, called on (array(float64, 1d, C), array(float64, 2d, A))[0m[0m[0m[0m
  g_Exp = g_Exp_Beta(Nu, Omega, Beta, B0, Ngene, Ncell, Nsample)
/home/cke/miniconda3/envs/BLADE/lib/python3.10/site-packages/Deconvolution/BLADE.py:589: NumbaPerformanceWarning: [1m[1m[1m[1mnp.dot() is faster on contiguous arrays, called on (array(float64, 1d, C), array(float64, 2d, A))[0m[0m[0m[0m
  g_Exp = g_Exp_Beta(Nu, Omega, Beta, B0, Ngene, Ncell, Nsample)
/home/cke/miniconda3/envs/BLADE/lib/python3.10/site-packages/Deconvolution/BLADE.py:589: NumbaPerformanceWarning: [1m[1m[1m[1mnp.dot() is faster on contiguous arrays, called on (array(float64, 1d, C), array(float64, 2d, A))[0m[0m[0m[0m
  g_Exp = g_Exp_Beta(Nu, Omega, Beta, B0, Ngene, Ncell, Nsample)
/home/cke/miniconda3/envs/BLADE/lib/python3.10/site-packages/Deconvolution/BLADE.py:589: NumbaPerformanceWarning: [1m[1m[1m[1mnp.dot() is faster on contiguous arrays, called on (array(float64, 1d, C), array(float64, 2d, A))[0m[0m[0m[0m
  g_Exp = g_Exp_Beta(Nu, Omega, Beta, B0, Ngene, Ncell, Nsample)
/home/cke/miniconda3/envs/BLADE/lib/python3.10/site-packages/Deconvolution/BLADE.py:589: NumbaPerformanceWarning: [1m[1m[1m[1mnp.dot() is faster on contiguous arrays, called on (array(float64, 1d, C), array(float64, 2d, A))[0m[0m[0m[0m
  g_Exp = g_Exp_Beta(Nu, Omega, Beta, B0, Ngene, Ncell, Nsample)
/home/cke/miniconda3/envs/BLADE/lib/python3.10/site-packages/Deconvolution/BLADE.py:589: NumbaPerformanceWarning: [1m[1m[1m[1mnp.dot() is faster on contiguous arrays, called on (array(float64, 1d, C), array(float64, 2d, A))[0m[0m[0m[0m
  g_Exp = g_Exp_Beta(Nu, Omega, Beta, B0, Ngene, Ncell, Nsample)
/home/cke/miniconda3/envs/BLADE/lib/python3.10/site-packages/Deconvolution/BLADE.py:589: NumbaPerformanceWarning: [1m[1m[1m[1mnp.dot() is faster on contiguous arrays, called on (array(float64, 1d, C), array(float64, 2d, A))[0m[0m[0m[0m
  g_Exp = g_Exp_Beta(Nu, Omega, Beta, B0, Ngene, Ncell, Nsample)
/home/cke/miniconda3/envs/BLADE/lib/python3.10/site-packages/Deconvolution/BLADE.py:589: NumbaPerformanceWarning: [1m[1m[1m[1mnp.dot() is faster on contiguous arrays, called on (array(float64, 1d, C), array(float64, 2d, A))[0m[0m[0m[0m
  g_Exp = g_Exp_Beta(Nu, Omega, Beta, B0, Ngene, Ncell, Nsample)
/home/cke/miniconda3/envs/BLADE/lib/python3.10/site-packages/Deconvolution/BLADE.py:589: NumbaPerformanceWarning: [1m[1m[1m[1mnp.dot() is faster on contiguous arrays, called on (array(float64, 1d, C), array(float64, 2d, A))[0m[0m[0m[0m
  g_Exp = g_Exp_Beta(Nu, Omega, Beta, B0, Ngene, Ncell, Nsample)
/home/cke/miniconda3/envs/BLADE/lib/python3.10/site-packages/Deconvolution/BLADE.py:589: NumbaPerformanceWarning: [1m[1m[1m[1mnp.dot() is faster on contiguous arrays, called on (array(float64, 1d, C), array(float64, 2d, A))[0m[0m[0m[0m
  g_Exp = g_Exp_Beta(Nu, Omega, Beta, B0, Ngene, Ncell, Nsample)
/home/cke/miniconda3/envs/BLADE/lib/python3.10/site-packages/Deconvolution/BLADE.py:589: NumbaPerformanceWarning: [1m[1m[1m[1mnp.dot() is faster on contiguous arrays, called on (array(float64, 1d, C), array(float64, 2d, A))[0m[0m[0m[0m
  g_Exp = g_Exp_Beta(Nu, Omega, Beta, B0, Ngene, Ncell, Nsample)
/home/cke/miniconda3/envs/BLADE/lib/python3.10/site-packages/Deconvolution/BLADE.py:589: NumbaPerformanceWarning: [1m[1m[1m[1mnp.dot() is faster on contiguous arrays, called on (array(float64, 1d, C), array(float64, 2d, A))[0m[0m[0m[0m
  g_Exp = g_Exp_Beta(Nu, Omega, Beta, B0, Ngene, Ncell, Nsample)
/home/cke/miniconda3/envs/BLADE/lib/python3.10/site-packages/Deconvolution/BLADE.py:589: NumbaPerformanceWarning: [1m[1m[1m[1mnp.dot() is faster on contiguous arrays, called on (array(float64, 1d, C), array(float64, 2d, A))[0m[0m[0m[0m
  g_Exp = g_Exp_Beta(Nu, Omega, Beta, B0, Ngene, Ncell, Nsample)
/home/cke/miniconda3/envs/BLADE/lib/python3.10/site-packages/Deconvolution/BLADE.py:809: RuntimeWarning: divide by zero encountered in log
  return -self.Nsample*np.sum(np.log(Omega))
/home/cke/miniconda3/envs/BLADE/lib/python3.10/site-packages/Deconvolution/BLADE.py:863: RuntimeWarning: invalid value encountered in double_scalars
  return PX+PY+PF-QX-QF
/home/cke/miniconda3/envs/BLADE/lib/python3.10/site-packages/Deconvolution/BLADE.py:809: RuntimeWarning: divide by zero encountered in log
  return -self.Nsample*np.sum(np.log(Omega))
/home/cke/miniconda3/envs/BLADE/lib/python3.10/site-packages/Deconvolution/BLADE.py:863: RuntimeWarning: invalid value encountered in double_scalars
  return PX+PY+PF-QX-QF
/home/cke/miniconda3/envs/BLADE/lib/python3.10/site-packages/Deconvolution/BLADE.py:809: RuntimeWarning: divide by zero encountered in log
  return -self.Nsample*np.sum(np.log(Omega))
/home/cke/miniconda3/envs/BLADE/lib/python3.10/site-packages/Deconvolution/BLADE.py:863: RuntimeWarning: invalid value encountered in double_scalars
  return PX+PY+PF-QX-QF
/home/cke/miniconda3/envs/BLADE/lib/python3.10/site-packages/Deconvolution/BLADE.py:809: RuntimeWarning: divide by zero encountered in log
  return -self.Nsample*np.sum(np.log(Omega))
/home/cke/miniconda3/envs/BLADE/lib/python3.10/site-packages/Deconvolution/BLADE.py:863: RuntimeWarning: invalid value encountered in double_scalars
  return PX+PY+PF-QX-QF
/home/cke/miniconda3/envs/BLADE/lib/python3.10/site-packages/Deconvolution/BLADE.py:809: RuntimeWarning: divide by zero encountered in log
  return -self.Nsample*np.sum(np.log(Omega))
/home/cke/miniconda3/envs/BLADE/lib/python3.10/site-packages/Deconvolution/BLADE.py:863: RuntimeWarning: invalid value encountered in double_scalars
  return PX+PY+PF-QX-QF
/home/cke/miniconda3/envs/BLADE/lib/python3.10/site-packages/Deconvolution/BLADE.py:809: RuntimeWarning: divide by zero encountered in log
  return -self.Nsample*np.sum(np.log(Omega))
/home/cke/miniconda3/envs/BLADE/lib/python3.10/site-packages/Deconvolution/BLADE.py:863: RuntimeWarning: invalid value encountered in double_scalars
  return PX+PY+PF-QX-QF
/home/cke/miniconda3/envs/BLADE/lib/python3.10/site-packages/Deconvolution/BLADE.py:809: RuntimeWarning: divide by zero encountered in log
  return -self.Nsample*np.sum(np.log(Omega))
/home/cke/miniconda3/envs/BLADE/lib/python3.10/site-packages/Deconvolution/BLADE.py:863: RuntimeWarning: invalid value encountered in double_scalars
  return PX+PY+PF-QX-QF
/home/cke/miniconda3/envs/BLADE/lib/python3.10/site-packages/Deconvolution/BLADE.py:809: RuntimeWarning: divide by zero encountered in log
  return -self.Nsample*np.sum(np.log(Omega))
/home/cke/miniconda3/envs/BLADE/lib/python3.10/site-packages/Deconvolution/BLADE.py:863: RuntimeWarning: invalid value encountered in double_scalars
  return PX+PY+PF-QX-QF
/home/cke/miniconda3/envs/BLADE/lib/python3.10/site-packages/Deconvolution/BLADE.py:809: RuntimeWarning: divide by zero encountered in log
  return -self.Nsample*np.sum(np.log(Omega))
/home/cke/miniconda3/envs/BLADE/lib/python3.10/site-packages/Deconvolution/BLADE.py:863: RuntimeWarning: invalid value encountered in double_scalars
  return PX+PY+PF-QX-QF
/home/cke/miniconda3/envs/BLADE/lib/python3.10/site-packages/Deconvolution/BLADE.py:809: RuntimeWarning: divide by zero encountered in log
  return -self.Nsample*np.sum(np.log(Omega))
/home/cke/miniconda3/envs/BLADE/lib/python3.10/site-packages/Deconvolution/BLADE.py:863: RuntimeWarning: invalid value encountered in double_scalars
  return PX+PY+PF-QX-QF
/home/cke/miniconda3/envs/BLADE/lib/python3.10/site-packages/Deconvolution/BLADE.py:809: RuntimeWarning: divide by zero encountered in log
  return -self.Nsample*np.sum(np.log(Omega))
/home/cke/miniconda3/envs/BLADE/lib/python3.10/site-packages/Deconvolution/BLADE.py:863: RuntimeWarning: invalid value encountered in double_scalars
  return PX+PY+PF-QX-QF
/home/cke/miniconda3/envs/BLADE/lib/python3.10/site-packages/Deconvolution/BLADE.py:809: RuntimeWarning: divide by zero encountered in log
  return -self.Nsample*np.sum(np.log(Omega))
/home/cke/miniconda3/envs/BLADE/lib/python3.10/site-packages/Deconvolution/BLADE.py:863: RuntimeWarning: invalid value encountered in double_scalars
  return PX+PY+PF-QX-QF
/home/cke/miniconda3/envs/BLADE/lib/python3.10/site-packages/Deconvolution/BLADE.py:809: RuntimeWarning: divide by zero encountered in log
  return -self.Nsample*np.sum(np.log(Omega))
/home/cke/miniconda3/envs/BLADE/lib/python3.10/site-packages/Deconvolution/BLADE.py:863: RuntimeWarning: invalid value encountered in double_scalars
  return PX+PY+PF-QX-QF
/home/cke/miniconda3/envs/BLADE/lib/python3.10/site-packages/Deconvolution/BLADE.py:809: RuntimeWarning: divide by zero encountered in log
  return -self.Nsample*np.sum(np.log(Omega))
/home/cke/miniconda3/envs/BLADE/lib/python3.10/site-packages/Deconvolution/BLADE.py:863: RuntimeWarning: invalid value encountered in double_scalars
  return PX+PY+PF-QX-QF
/home/cke/miniconda3/envs/BLADE/lib/python3.10/site-packages/Deconvolution/BLADE.py:809: RuntimeWarning: divide by zero encountered in log
  return -self.Nsample*np.sum(np.log(Omega))
/home/cke/miniconda3/envs/BLADE/lib/python3.10/site-packages/Deconvolution/BLADE.py:863: RuntimeWarning: invalid value encountered in double_scalars
  return PX+PY+PF-QX-QF
/home/cke/miniconda3/envs/BLADE/lib/python3.10/site-packages/Deconvolution/BLADE.py:809: RuntimeWarning: divide by zero encountered in log
  return -self.Nsample*np.sum(np.log(Omega))
/home/cke/miniconda3/envs/BLADE/lib/python3.10/site-packages/Deconvolution/BLADE.py:863: RuntimeWarning: invalid value encountered in double_scalars
  return PX+PY+PF-QX-QF
/home/cke/miniconda3/envs/BLADE/lib/python3.10/site-packages/Deconvolution/BLADE.py:809: RuntimeWarning: divide by zero encountered in log
  return -self.Nsample*np.sum(np.log(Omega))
/home/cke/miniconda3/envs/BLADE/lib/python3.10/site-packages/Deconvolution/BLADE.py:863: RuntimeWarning: invalid value encountered in double_scalars
  return PX+PY+PF-QX-QF
/home/cke/miniconda3/envs/BLADE/lib/python3.10/site-packages/Deconvolution/BLADE.py:809: RuntimeWarning: divide by zero encountered in log
  return -self.Nsample*np.sum(np.log(Omega))
/home/cke/miniconda3/envs/BLADE/lib/python3.10/site-packages/Deconvolution/BLADE.py:863: RuntimeWarning: invalid value encountered in double_scalars
  return PX+PY+PF-QX-QF
/home/cke/miniconda3/envs/BLADE/lib/python3.10/site-packages/Deconvolution/BLADE.py:809: RuntimeWarning: divide by zero encountered in log
  return -self.Nsample*np.sum(np.log(Omega))
/home/cke/miniconda3/envs/BLADE/lib/python3.10/site-packages/Deconvolution/BLADE.py:863: RuntimeWarning: invalid value encountered in double_scalars
  return PX+PY+PF-QX-QF
/home/cke/miniconda3/envs/BLADE/lib/python3.10/site-packages/Deconvolution/BLADE.py:809: RuntimeWarning: divide by zero encountered in log
  return -self.Nsample*np.sum(np.log(Omega))
/home/cke/miniconda3/envs/BLADE/lib/python3.10/site-packages/Deconvolution/BLADE.py:863: RuntimeWarning: invalid value encountered in double_scalars
  return PX+PY+PF-QX-QF
[Parallel(n_jobs=20)]: Done   1 tasks      | elapsed: 11.8min
/home/cke/miniconda3/envs/BLADE/lib/python3.10/site-packages/Deconvolution/BLADE.py:809: RuntimeWarning: divide by zero encountered in log
  return -self.Nsample*np.sum(np.log(Omega))
/home/cke/miniconda3/envs/BLADE/lib/python3.10/site-packages/Deconvolution/BLADE.py:863: RuntimeWarning: invalid value encountered in double_scalars
  return PX+PY+PF-QX-QF
/home/cke/miniconda3/envs/BLADE/lib/python3.10/site-packages/Deconvolution/BLADE.py:809: RuntimeWarning: divide by zero encountered in log
  return -self.Nsample*np.sum(np.log(Omega))
/home/cke/miniconda3/envs/BLADE/lib/python3.10/site-packages/Deconvolution/BLADE.py:863: RuntimeWarning: invalid value encountered in double_scalars
  return PX+PY+PF-QX-QF
/home/cke/miniconda3/envs/BLADE/lib/python3.10/site-packages/Deconvolution/BLADE.py:809: RuntimeWarning: divide by zero encountered in log
  return -self.Nsample*np.sum(np.log(Omega))
/home/cke/miniconda3/envs/BLADE/lib/python3.10/site-packages/Deconvolution/BLADE.py:863: RuntimeWarning: invalid value encountered in double_scalars
  return PX+PY+PF-QX-QF
/home/cke/miniconda3/envs/BLADE/lib/python3.10/site-packages/Deconvolution/BLADE.py:809: RuntimeWarning: divide by zero encountered in log
  return -self.Nsample*np.sum(np.log(Omega))
/home/cke/miniconda3/envs/BLADE/lib/python3.10/site-packages/Deconvolution/BLADE.py:863: RuntimeWarning: invalid value encountered in double_scalars
  return PX+PY+PF-QX-QF
/home/cke/miniconda3/envs/BLADE/lib/python3.10/site-packages/Deconvolution/BLADE.py:809: RuntimeWarning: divide by zero encountered in log
  return -self.Nsample*np.sum(np.log(Omega))
/home/cke/miniconda3/envs/BLADE/lib/python3.10/site-packages/Deconvolution/BLADE.py:863: RuntimeWarning: invalid value encountered in double_scalars
  return PX+PY+PF-QX-QF
/home/cke/miniconda3/envs/BLADE/lib/python3.10/site-packages/Deconvolution/BLADE.py:809: RuntimeWarning: divide by zero encountered in log
  return -self.Nsample*np.sum(np.log(Omega))
/home/cke/miniconda3/envs/BLADE/lib/python3.10/site-packages/Deconvolution/BLADE.py:863: RuntimeWarning: invalid value encountered in double_scalars
  return PX+PY+PF-QX-QF
/home/cke/miniconda3/envs/BLADE/lib/python3.10/site-packages/Deconvolution/BLADE.py:809: RuntimeWarning: divide by zero encountered in log
  return -self.Nsample*np.sum(np.log(Omega))
/home/cke/miniconda3/envs/BLADE/lib/python3.10/site-packages/Deconvolution/BLADE.py:863: RuntimeWarning: invalid value encountered in double_scalars
  return PX+PY+PF-QX-QF
/home/cke/miniconda3/envs/BLADE/lib/python3.10/site-packages/joblib/externals/loky/process_executor.py:702: UserWarning: A worker stopped while some jobs were given to the executor. This can be caused by a too short worker timeout or by a memory leak.
  warnings.warn(
/home/cke/miniconda3/envs/BLADE/lib/python3.10/site-packages/Deconvolution/BLADE.py:809: RuntimeWarning: divide by zero encountered in log
  return -self.Nsample*np.sum(np.log(Omega))
/home/cke/miniconda3/envs/BLADE/lib/python3.10/site-packages/Deconvolution/BLADE.py:863: RuntimeWarning: invalid value encountered in double_scalars
  return PX+PY+PF-QX-QF
/home/cke/miniconda3/envs/BLADE/lib/python3.10/site-packages/Deconvolution/BLADE.py:589: NumbaPerformanceWarning: [1m[1m[1m[1mnp.dot() is faster on contiguous arrays, called on (array(float64, 1d, C), array(float64, 2d, A))[0m[0m[0m[0m
  g_Exp = g_Exp_Beta(Nu, Omega, Beta, B0, Ngene, Ncell, Nsample)
/home/cke/miniconda3/envs/BLADE/lib/python3.10/site-packages/Deconvolution/BLADE.py:809: RuntimeWarning: divide by zero encountered in log
  return -self.Nsample*np.sum(np.log(Omega))
/home/cke/miniconda3/envs/BLADE/lib/python3.10/site-packages/Deconvolution/BLADE.py:863: RuntimeWarning: invalid value encountered in double_scalars
  return PX+PY+PF-QX-QF
[Parallel(n_jobs=20)]: Done  10 tasks      | elapsed: 26.0min
/home/cke/miniconda3/envs/BLADE/lib/python3.10/site-packages/Deconvolution/BLADE.py:809: RuntimeWarning: divide by zero encountered in log
  return -self.Nsample*np.sum(np.log(Omega))
/home/cke/miniconda3/envs/BLADE/lib/python3.10/site-packages/Deconvolution/BLADE.py:863: RuntimeWarning: invalid value encountered in double_scalars
  return PX+PY+PF-QX-QF
/home/cke/miniconda3/envs/BLADE/lib/python3.10/site-packages/Deconvolution/BLADE.py:809: RuntimeWarning: divide by zero encountered in log
  return -self.Nsample*np.sum(np.log(Omega))
/home/cke/miniconda3/envs/BLADE/lib/python3.10/site-packages/Deconvolution/BLADE.py:863: RuntimeWarning: invalid value encountered in double_scalars
  return PX+PY+PF-QX-QF
/home/cke/miniconda3/envs/BLADE/lib/python3.10/site-packages/Deconvolution/BLADE.py:809: RuntimeWarning: divide by zero encountered in log
  return -self.Nsample*np.sum(np.log(Omega))
/home/cke/miniconda3/envs/BLADE/lib/python3.10/site-packages/Deconvolution/BLADE.py:863: RuntimeWarning: invalid value encountered in double_scalars
  return PX+PY+PF-QX-QF
/home/cke/miniconda3/envs/BLADE/lib/python3.10/site-packages/Deconvolution/BLADE.py:809: RuntimeWarning: divide by zero encountered in log
  return -self.Nsample*np.sum(np.log(Omega))
/home/cke/miniconda3/envs/BLADE/lib/python3.10/site-packages/Deconvolution/BLADE.py:863: RuntimeWarning: invalid value encountered in double_scalars
  return PX+PY+PF-QX-QF
/home/cke/miniconda3/envs/BLADE/lib/python3.10/site-packages/Deconvolution/BLADE.py:809: RuntimeWarning: divide by zero encountered in log
  return -self.Nsample*np.sum(np.log(Omega))
/home/cke/miniconda3/envs/BLADE/lib/python3.10/site-packages/Deconvolution/BLADE.py:863: RuntimeWarning: invalid value encountered in double_scalars
  return PX+PY+PF-QX-QF
/home/cke/miniconda3/envs/BLADE/lib/python3.10/site-packages/Deconvolution/BLADE.py:809: RuntimeWarning: divide by zero encountered in log
  return -self.Nsample*np.sum(np.log(Omega))
/home/cke/miniconda3/envs/BLADE/lib/python3.10/site-packages/Deconvolution/BLADE.py:863: RuntimeWarning: invalid value encountered in double_scalars
  return PX+PY+PF-QX-QF
/home/cke/miniconda3/envs/BLADE/lib/python3.10/site-packages/Deconvolution/BLADE.py:809: RuntimeWarning: divide by zero encountered in log
  return -self.Nsample*np.sum(np.log(Omega))
/home/cke/miniconda3/envs/BLADE/lib/python3.10/site-packages/Deconvolution/BLADE.py:863: RuntimeWarning: invalid value encountered in double_scalars
  return PX+PY+PF-QX-QF
/home/cke/miniconda3/envs/BLADE/lib/python3.10/site-packages/Deconvolution/BLADE.py:809: RuntimeWarning: divide by zero encountered in log
  return -self.Nsample*np.sum(np.log(Omega))
/home/cke/miniconda3/envs/BLADE/lib/python3.10/site-packages/Deconvolution/BLADE.py:863: RuntimeWarning: invalid value encountered in double_scalars
  return PX+PY+PF-QX-QF
/home/cke/miniconda3/envs/BLADE/lib/python3.10/site-packages/Deconvolution/BLADE.py:589: NumbaPerformanceWarning: [1m[1m[1m[1mnp.dot() is faster on contiguous arrays, called on (array(float64, 1d, C), array(float64, 2d, A))[0m[0m[0m[0m
  g_Exp = g_Exp_Beta(Nu, Omega, Beta, B0, Ngene, Ncell, Nsample)
/home/cke/miniconda3/envs/BLADE/lib/python3.10/site-packages/Deconvolution/BLADE.py:809: RuntimeWarning: divide by zero encountered in log
  return -self.Nsample*np.sum(np.log(Omega))
/home/cke/miniconda3/envs/BLADE/lib/python3.10/site-packages/Deconvolution/BLADE.py:863: RuntimeWarning: invalid value encountered in double_scalars
  return PX+PY+PF-QX-QF
/home/cke/miniconda3/envs/BLADE/lib/python3.10/site-packages/Deconvolution/BLADE.py:809: RuntimeWarning: divide by zero encountered in log
  return -self.Nsample*np.sum(np.log(Omega))
/home/cke/miniconda3/envs/BLADE/lib/python3.10/site-packages/Deconvolution/BLADE.py:863: RuntimeWarning: invalid value encountered in double_scalars
  return PX+PY+PF-QX-QF
/home/cke/miniconda3/envs/BLADE/lib/python3.10/site-packages/Deconvolution/BLADE.py:809: RuntimeWarning: divide by zero encountered in log
  return -self.Nsample*np.sum(np.log(Omega))
/home/cke/miniconda3/envs/BLADE/lib/python3.10/site-packages/Deconvolution/BLADE.py:863: RuntimeWarning: invalid value encountered in double_scalars
  return PX+PY+PF-QX-QF
[Parallel(n_jobs=20)]: Done  21 tasks      | elapsed: 52.9min
/home/cke/miniconda3/envs/BLADE/lib/python3.10/site-packages/Deconvolution/BLADE.py:809: RuntimeWarning: divide by zero encountered in log
  return -self.Nsample*np.sum(np.log(Omega))
/home/cke/miniconda3/envs/BLADE/lib/python3.10/site-packages/Deconvolution/BLADE.py:863: RuntimeWarning: invalid value encountered in double_scalars
  return PX+PY+PF-QX-QF
/home/cke/miniconda3/envs/BLADE/lib/python3.10/site-packages/Deconvolution/BLADE.py:809: RuntimeWarning: divide by zero encountered in log
  return -self.Nsample*np.sum(np.log(Omega))
/home/cke/miniconda3/envs/BLADE/lib/python3.10/site-packages/Deconvolution/BLADE.py:863: RuntimeWarning: invalid value encountered in double_scalars
  return PX+PY+PF-QX-QF
/home/cke/miniconda3/envs/BLADE/lib/python3.10/site-packages/Deconvolution/BLADE.py:589: NumbaPerformanceWarning: [1m[1m[1m[1mnp.dot() is faster on contiguous arrays, called on (array(float64, 1d, C), array(float64, 2d, A))[0m[0m[0m[0m
  g_Exp = g_Exp_Beta(Nu, Omega, Beta, B0, Ngene, Ncell, Nsample)
/home/cke/miniconda3/envs/BLADE/lib/python3.10/site-packages/Deconvolution/BLADE.py:809: RuntimeWarning: divide by zero encountered in log
  return -self.Nsample*np.sum(np.log(Omega))
/home/cke/miniconda3/envs/BLADE/lib/python3.10/site-packages/Deconvolution/BLADE.py:863: RuntimeWarning: invalid value encountered in double_scalars
  return PX+PY+PF-QX-QF
/home/cke/miniconda3/envs/BLADE/lib/python3.10/site-packages/Deconvolution/BLADE.py:809: RuntimeWarning: divide by zero encountered in log
  return -self.Nsample*np.sum(np.log(Omega))
/home/cke/miniconda3/envs/BLADE/lib/python3.10/site-packages/Deconvolution/BLADE.py:863: RuntimeWarning: invalid value encountered in double_scalars
  return PX+PY+PF-QX-QF
/home/cke/miniconda3/envs/BLADE/lib/python3.10/site-packages/Deconvolution/BLADE.py:809: RuntimeWarning: divide by zero encountered in log
  return -self.Nsample*np.sum(np.log(Omega))
/home/cke/miniconda3/envs/BLADE/lib/python3.10/site-packages/Deconvolution/BLADE.py:863: RuntimeWarning: invalid value encountered in double_scalars
  return PX+PY+PF-QX-QF
/home/cke/miniconda3/envs/BLADE/lib/python3.10/site-packages/Deconvolution/BLADE.py:589: NumbaPerformanceWarning: [1m[1m[1m[1mnp.dot() is faster on contiguous arrays, called on (array(float64, 1d, C), array(float64, 2d, A))[0m[0m[0m[0m
  g_Exp = g_Exp_Beta(Nu, Omega, Beta, B0, Ngene, Ncell, Nsample)
/home/cke/miniconda3/envs/BLADE/lib/python3.10/site-packages/Deconvolution/BLADE.py:809: RuntimeWarning: divide by zero encountered in log
  return -self.Nsample*np.sum(np.log(Omega))
/home/cke/miniconda3/envs/BLADE/lib/python3.10/site-packages/Deconvolution/BLADE.py:863: RuntimeWarning: invalid value encountered in double_scalars
  return PX+PY+PF-QX-QF
/home/cke/miniconda3/envs/BLADE/lib/python3.10/site-packages/Deconvolution/BLADE.py:809: RuntimeWarning: divide by zero encountered in log
  return -self.Nsample*np.sum(np.log(Omega))
/home/cke/miniconda3/envs/BLADE/lib/python3.10/site-packages/Deconvolution/BLADE.py:863: RuntimeWarning: invalid value encountered in double_scalars
  return PX+PY+PF-QX-QF
/home/cke/miniconda3/envs/BLADE/lib/python3.10/site-packages/Deconvolution/BLADE.py:809: RuntimeWarning: divide by zero encountered in log
  return -self.Nsample*np.sum(np.log(Omega))
/home/cke/miniconda3/envs/BLADE/lib/python3.10/site-packages/Deconvolution/BLADE.py:863: RuntimeWarning: invalid value encountered in double_scalars
  return PX+PY+PF-QX-QF
[Parallel(n_jobs=20)]: Done  32 tasks      | elapsed: 70.6min
/home/cke/miniconda3/envs/BLADE/lib/python3.10/site-packages/Deconvolution/BLADE.py:589: NumbaPerformanceWarning: [1m[1m[1m[1mnp.dot() is faster on contiguous arrays, called on (array(float64, 1d, C), array(float64, 2d, A))[0m[0m[0m[0m
  g_Exp = g_Exp_Beta(Nu, Omega, Beta, B0, Ngene, Ncell, Nsample)
/home/cke/miniconda3/envs/BLADE/lib/python3.10/site-packages/Deconvolution/BLADE.py:809: RuntimeWarning: divide by zero encountered in log
  return -self.Nsample*np.sum(np.log(Omega))
/home/cke/miniconda3/envs/BLADE/lib/python3.10/site-packages/Deconvolution/BLADE.py:863: RuntimeWarning: invalid value encountered in double_scalars
  return PX+PY+PF-QX-QF
/home/cke/miniconda3/envs/BLADE/lib/python3.10/site-packages/Deconvolution/BLADE.py:809: RuntimeWarning: divide by zero encountered in log
  return -self.Nsample*np.sum(np.log(Omega))
/home/cke/miniconda3/envs/BLADE/lib/python3.10/site-packages/Deconvolution/BLADE.py:863: RuntimeWarning: invalid value encountered in double_scalars
  return PX+PY+PF-QX-QF
/home/cke/miniconda3/envs/BLADE/lib/python3.10/site-packages/Deconvolution/BLADE.py:809: RuntimeWarning: divide by zero encountered in log
  return -self.Nsample*np.sum(np.log(Omega))
/home/cke/miniconda3/envs/BLADE/lib/python3.10/site-packages/Deconvolution/BLADE.py:863: RuntimeWarning: invalid value encountered in double_scalars
  return PX+PY+PF-QX-QF
/home/cke/miniconda3/envs/BLADE/lib/python3.10/site-packages/Deconvolution/BLADE.py:589: NumbaPerformanceWarning: [1m[1m[1m[1mnp.dot() is faster on contiguous arrays, called on (array(float64, 1d, C), array(float64, 2d, A))[0m[0m[0m[0m
  g_Exp = g_Exp_Beta(Nu, Omega, Beta, B0, Ngene, Ncell, Nsample)
/home/cke/miniconda3/envs/BLADE/lib/python3.10/site-packages/Deconvolution/BLADE.py:809: RuntimeWarning: divide by zero encountered in log
  return -self.Nsample*np.sum(np.log(Omega))
/home/cke/miniconda3/envs/BLADE/lib/python3.10/site-packages/Deconvolution/BLADE.py:863: RuntimeWarning: invalid value encountered in double_scalars
  return PX+PY+PF-QX-QF
/home/cke/miniconda3/envs/BLADE/lib/python3.10/site-packages/Deconvolution/BLADE.py:809: RuntimeWarning: divide by zero encountered in log
  return -self.Nsample*np.sum(np.log(Omega))
/home/cke/miniconda3/envs/BLADE/lib/python3.10/site-packages/Deconvolution/BLADE.py:863: RuntimeWarning: invalid value encountered in double_scalars
  return PX+PY+PF-QX-QF
/home/cke/miniconda3/envs/BLADE/lib/python3.10/site-packages/Deconvolution/BLADE.py:809: RuntimeWarning: divide by zero encountered in log
  return -self.Nsample*np.sum(np.log(Omega))
/home/cke/miniconda3/envs/BLADE/lib/python3.10/site-packages/Deconvolution/BLADE.py:863: RuntimeWarning: invalid value encountered in double_scalars
  return PX+PY+PF-QX-QF
/home/cke/miniconda3/envs/BLADE/lib/python3.10/site-packages/Deconvolution/BLADE.py:809: RuntimeWarning: divide by zero encountered in log
  return -self.Nsample*np.sum(np.log(Omega))
/home/cke/miniconda3/envs/BLADE/lib/python3.10/site-packages/Deconvolution/BLADE.py:863: RuntimeWarning: invalid value encountered in double_scalars
  return PX+PY+PF-QX-QF
/home/cke/miniconda3/envs/BLADE/lib/python3.10/site-packages/Deconvolution/BLADE.py:589: NumbaPerformanceWarning: [1m[1m[1m[1mnp.dot() is faster on contiguous arrays, called on (array(float64, 1d, C), array(float64, 2d, A))[0m[0m[0m[0m
  g_Exp = g_Exp_Beta(Nu, Omega, Beta, B0, Ngene, Ncell, Nsample)
/home/cke/miniconda3/envs/BLADE/lib/python3.10/site-packages/Deconvolution/BLADE.py:809: RuntimeWarning: divide by zero encountered in log
  return -self.Nsample*np.sum(np.log(Omega))
/home/cke/miniconda3/envs/BLADE/lib/python3.10/site-packages/Deconvolution/BLADE.py:863: RuntimeWarning: invalid value encountered in double_scalars
  return PX+PY+PF-QX-QF
/home/cke/miniconda3/envs/BLADE/lib/python3.10/site-packages/Deconvolution/BLADE.py:809: RuntimeWarning: divide by zero encountered in log
  return -self.Nsample*np.sum(np.log(Omega))
/home/cke/miniconda3/envs/BLADE/lib/python3.10/site-packages/Deconvolution/BLADE.py:863: RuntimeWarning: invalid value encountered in double_scalars
  return PX+PY+PF-QX-QF
/home/cke/miniconda3/envs/BLADE/lib/python3.10/site-packages/Deconvolution/BLADE.py:809: RuntimeWarning: divide by zero encountered in log
  return -self.Nsample*np.sum(np.log(Omega))
/home/cke/miniconda3/envs/BLADE/lib/python3.10/site-packages/Deconvolution/BLADE.py:863: RuntimeWarning: invalid value encountered in double_scalars
  return PX+PY+PF-QX-QF
/home/cke/miniconda3/envs/BLADE/lib/python3.10/site-packages/Deconvolution/BLADE.py:809: RuntimeWarning: divide by zero encountered in log
  return -self.Nsample*np.sum(np.log(Omega))
/home/cke/miniconda3/envs/BLADE/lib/python3.10/site-packages/Deconvolution/BLADE.py:863: RuntimeWarning: invalid value encountered in double_scalars
  return PX+PY+PF-QX-QF
/home/cke/miniconda3/envs/BLADE/lib/python3.10/site-packages/Deconvolution/BLADE.py:589: NumbaPerformanceWarning: [1m[1m[1m[1mnp.dot() is faster on contiguous arrays, called on (array(float64, 1d, C), array(float64, 2d, A))[0m[0m[0m[0m
  g_Exp = g_Exp_Beta(Nu, Omega, Beta, B0, Ngene, Ncell, Nsample)
/home/cke/miniconda3/envs/BLADE/lib/python3.10/site-packages/Deconvolution/BLADE.py:809: RuntimeWarning: divide by zero encountered in log
  return -self.Nsample*np.sum(np.log(Omega))
/home/cke/miniconda3/envs/BLADE/lib/python3.10/site-packages/Deconvolution/BLADE.py:863: RuntimeWarning: invalid value encountered in double_scalars
  return PX+PY+PF-QX-QF
[Parallel(n_jobs=20)]: Done  45 tasks      | elapsed: 102.2min
/home/cke/miniconda3/envs/BLADE/lib/python3.10/site-packages/Deconvolution/BLADE.py:809: RuntimeWarning: divide by zero encountered in log
  return -self.Nsample*np.sum(np.log(Omega))
/home/cke/miniconda3/envs/BLADE/lib/python3.10/site-packages/Deconvolution/BLADE.py:863: RuntimeWarning: invalid value encountered in double_scalars
  return PX+PY+PF-QX-QF
/home/cke/miniconda3/envs/BLADE/lib/python3.10/site-packages/Deconvolution/BLADE.py:809: RuntimeWarning: divide by zero encountered in log
  return -self.Nsample*np.sum(np.log(Omega))
/home/cke/miniconda3/envs/BLADE/lib/python3.10/site-packages/Deconvolution/BLADE.py:863: RuntimeWarning: invalid value encountered in double_scalars
  return PX+PY+PF-QX-QF
/home/cke/miniconda3/envs/BLADE/lib/python3.10/site-packages/Deconvolution/BLADE.py:809: RuntimeWarning: divide by zero encountered in log
  return -self.Nsample*np.sum(np.log(Omega))
/home/cke/miniconda3/envs/BLADE/lib/python3.10/site-packages/Deconvolution/BLADE.py:863: RuntimeWarning: invalid value encountered in double_scalars
  return PX+PY+PF-QX-QF
[Parallel(n_jobs=20)]: Done  58 tasks      | elapsed: 141.2min
