nohup: ignoring input
[Parallel(n_jobs=15)]: Using backend LokyBackend with 15 concurrent workers.
Get mean and std exp!
Get common genes!  876
cell types:  10
bulk samples:  9
start BLADE!
all of 876 genes are used for optimization.
All samples are used during the optimization.
Initialization with Support vector regression
[Parallel(n_jobs=15)]: Done   2 out of   9 | elapsed:    2.0s remaining:    7.0s
[Parallel(n_jobs=15)]: Done   3 out of   9 | elapsed:    2.2s remaining:    4.4s
[Parallel(n_jobs=15)]: Done   4 out of   9 | elapsed:    2.6s remaining:    3.3s
[Parallel(n_jobs=15)]: Done   5 out of   9 | elapsed:    2.8s remaining:    2.3s
[Parallel(n_jobs=15)]: Done   6 out of   9 | elapsed:    3.7s remaining:    1.8s
[Parallel(n_jobs=15)]: Done   7 out of   9 | elapsed:    3.9s remaining:    1.1s
[Parallel(n_jobs=15)]: Done   9 out of   9 | elapsed:    4.7s remaining:    0.0s
[Parallel(n_jobs=15)]: Done   9 out of   9 | elapsed:    4.7s finished
[Parallel(n_jobs=15)]: Using backend LokyBackend with 15 concurrent workers.
/home/cke/miniconda3/envs/BLADE/lib/python3.10/site-packages/Deconvolution/BLADE.py:809: RuntimeWarning: divide by zero encountered in log
  return -self.Nsample*np.sum(np.log(Omega))
/home/cke/miniconda3/envs/BLADE/lib/python3.10/site-packages/Deconvolution/BLADE.py:863: RuntimeWarning: invalid value encountered in double_scalars
  return PX+PY+PF-QX-QF
/home/cke/miniconda3/envs/BLADE/lib/python3.10/site-packages/Deconvolution/BLADE.py:809: RuntimeWarning: divide by zero encountered in log
  return -self.Nsample*np.sum(np.log(Omega))
/home/cke/miniconda3/envs/BLADE/lib/python3.10/site-packages/Deconvolution/BLADE.py:863: RuntimeWarning: invalid value encountered in double_scalars
  return PX+PY+PF-QX-QF
/home/cke/miniconda3/envs/BLADE/lib/python3.10/site-packages/Deconvolution/BLADE.py:809: RuntimeWarning: divide by zero encountered in log
  return -self.Nsample*np.sum(np.log(Omega))
/home/cke/miniconda3/envs/BLADE/lib/python3.10/site-packages/Deconvolution/BLADE.py:863: RuntimeWarning: invalid value encountered in double_scalars
  return PX+PY+PF-QX-QF
/home/cke/miniconda3/envs/BLADE/lib/python3.10/site-packages/Deconvolution/BLADE.py:809: RuntimeWarning: divide by zero encountered in log
  return -self.Nsample*np.sum(np.log(Omega))
/home/cke/miniconda3/envs/BLADE/lib/python3.10/site-packages/Deconvolution/BLADE.py:863: RuntimeWarning: invalid value encountered in double_scalars
  return PX+PY+PF-QX-QF
/home/cke/miniconda3/envs/BLADE/lib/python3.10/site-packages/Deconvolution/BLADE.py:809: RuntimeWarning: divide by zero encountered in log
  return -self.Nsample*np.sum(np.log(Omega))
/home/cke/miniconda3/envs/BLADE/lib/python3.10/site-packages/Deconvolution/BLADE.py:863: RuntimeWarning: invalid value encountered in double_scalars
  return PX+PY+PF-QX-QF
/home/cke/miniconda3/envs/BLADE/lib/python3.10/site-packages/Deconvolution/BLADE.py:809: RuntimeWarning: divide by zero encountered in log
  return -self.Nsample*np.sum(np.log(Omega))
/home/cke/miniconda3/envs/BLADE/lib/python3.10/site-packages/Deconvolution/BLADE.py:863: RuntimeWarning: invalid value encountered in double_scalars
  return PX+PY+PF-QX-QF
/home/cke/miniconda3/envs/BLADE/lib/python3.10/site-packages/Deconvolution/BLADE.py:809: RuntimeWarning: divide by zero encountered in log
  return -self.Nsample*np.sum(np.log(Omega))
/home/cke/miniconda3/envs/BLADE/lib/python3.10/site-packages/Deconvolution/BLADE.py:863: RuntimeWarning: invalid value encountered in double_scalars
  return PX+PY+PF-QX-QF
/home/cke/miniconda3/envs/BLADE/lib/python3.10/site-packages/Deconvolution/BLADE.py:809: RuntimeWarning: divide by zero encountered in log
  return -self.Nsample*np.sum(np.log(Omega))
/home/cke/miniconda3/envs/BLADE/lib/python3.10/site-packages/Deconvolution/BLADE.py:863: RuntimeWarning: invalid value encountered in double_scalars
  return PX+PY+PF-QX-QF
/home/cke/miniconda3/envs/BLADE/lib/python3.10/site-packages/Deconvolution/BLADE.py:809: RuntimeWarning: divide by zero encountered in log
  return -self.Nsample*np.sum(np.log(Omega))
/home/cke/miniconda3/envs/BLADE/lib/python3.10/site-packages/Deconvolution/BLADE.py:863: RuntimeWarning: invalid value encountered in double_scalars
  return PX+PY+PF-QX-QF
/home/cke/miniconda3/envs/BLADE/lib/python3.10/site-packages/Deconvolution/BLADE.py:809: RuntimeWarning: divide by zero encountered in log
  return -self.Nsample*np.sum(np.log(Omega))
/home/cke/miniconda3/envs/BLADE/lib/python3.10/site-packages/Deconvolution/BLADE.py:863: RuntimeWarning: invalid value encountered in double_scalars
  return PX+PY+PF-QX-QF
/home/cke/miniconda3/envs/BLADE/lib/python3.10/site-packages/Deconvolution/BLADE.py:809: RuntimeWarning: divide by zero encountered in log
  return -self.Nsample*np.sum(np.log(Omega))
/home/cke/miniconda3/envs/BLADE/lib/python3.10/site-packages/Deconvolution/BLADE.py:863: RuntimeWarning: invalid value encountered in double_scalars
  return PX+PY+PF-QX-QF
/home/cke/miniconda3/envs/BLADE/lib/python3.10/site-packages/Deconvolution/BLADE.py:809: RuntimeWarning: divide by zero encountered in log
  return -self.Nsample*np.sum(np.log(Omega))
/home/cke/miniconda3/envs/BLADE/lib/python3.10/site-packages/Deconvolution/BLADE.py:863: RuntimeWarning: invalid value encountered in double_scalars
  return PX+PY+PF-QX-QF
/home/cke/miniconda3/envs/BLADE/lib/python3.10/site-packages/Deconvolution/BLADE.py:809: RuntimeWarning: divide by zero encountered in log
  return -self.Nsample*np.sum(np.log(Omega))
/home/cke/miniconda3/envs/BLADE/lib/python3.10/site-packages/Deconvolution/BLADE.py:863: RuntimeWarning: invalid value encountered in double_scalars
  return PX+PY+PF-QX-QF
/home/cke/miniconda3/envs/BLADE/lib/python3.10/site-packages/Deconvolution/BLADE.py:809: RuntimeWarning: divide by zero encountered in log
  return -self.Nsample*np.sum(np.log(Omega))
/home/cke/miniconda3/envs/BLADE/lib/python3.10/site-packages/Deconvolution/BLADE.py:863: RuntimeWarning: invalid value encountered in double_scalars
  return PX+PY+PF-QX-QF
/home/cke/miniconda3/envs/BLADE/lib/python3.10/site-packages/Deconvolution/BLADE.py:809: RuntimeWarning: divide by zero encountered in log
  return -self.Nsample*np.sum(np.log(Omega))
/home/cke/miniconda3/envs/BLADE/lib/python3.10/site-packages/Deconvolution/BLADE.py:863: RuntimeWarning: invalid value encountered in double_scalars
  return PX+PY+PF-QX-QF
/home/cke/miniconda3/envs/BLADE/lib/python3.10/site-packages/Deconvolution/BLADE.py:589: NumbaPerformanceWarning: [1m[1m[1m[1mnp.dot() is faster on contiguous arrays, called on (array(float64, 1d, C), array(float64, 2d, A))[0m[0m[0m[0m
  g_Exp = g_Exp_Beta(Nu, Omega, Beta, B0, Ngene, Ncell, Nsample)
/home/cke/miniconda3/envs/BLADE/lib/python3.10/site-packages/Deconvolution/BLADE.py:589: NumbaPerformanceWarning: [1m[1m[1m[1mnp.dot() is faster on contiguous arrays, called on (array(float64, 1d, C), array(float64, 2d, A))[0m[0m[0m[0m
  g_Exp = g_Exp_Beta(Nu, Omega, Beta, B0, Ngene, Ncell, Nsample)
/home/cke/miniconda3/envs/BLADE/lib/python3.10/site-packages/Deconvolution/BLADE.py:589: NumbaPerformanceWarning: [1m[1m[1m[1mnp.dot() is faster on contiguous arrays, called on (array(float64, 1d, C), array(float64, 2d, A))[0m[0m[0m[0m
  g_Exp = g_Exp_Beta(Nu, Omega, Beta, B0, Ngene, Ncell, Nsample)
/home/cke/miniconda3/envs/BLADE/lib/python3.10/site-packages/Deconvolution/BLADE.py:589: NumbaPerformanceWarning: [1m[1m[1m[1mnp.dot() is faster on contiguous arrays, called on (array(float64, 1d, C), array(float64, 2d, A))[0m[0m[0m[0m
  g_Exp = g_Exp_Beta(Nu, Omega, Beta, B0, Ngene, Ncell, Nsample)
/home/cke/miniconda3/envs/BLADE/lib/python3.10/site-packages/Deconvolution/BLADE.py:589: NumbaPerformanceWarning: [1m[1m[1m[1mnp.dot() is faster on contiguous arrays, called on (array(float64, 1d, C), array(float64, 2d, A))[0m[0m[0m[0m
  g_Exp = g_Exp_Beta(Nu, Omega, Beta, B0, Ngene, Ncell, Nsample)
/home/cke/miniconda3/envs/BLADE/lib/python3.10/site-packages/Deconvolution/BLADE.py:589: NumbaPerformanceWarning: [1m[1m[1m[1mnp.dot() is faster on contiguous arrays, called on (array(float64, 1d, C), array(float64, 2d, A))[0m[0m[0m[0m
  g_Exp = g_Exp_Beta(Nu, Omega, Beta, B0, Ngene, Ncell, Nsample)
/home/cke/miniconda3/envs/BLADE/lib/python3.10/site-packages/Deconvolution/BLADE.py:589: NumbaPerformanceWarning: [1m[1m[1m[1mnp.dot() is faster on contiguous arrays, called on (array(float64, 1d, C), array(float64, 2d, A))[0m[0m[0m[0m
  g_Exp = g_Exp_Beta(Nu, Omega, Beta, B0, Ngene, Ncell, Nsample)
/home/cke/miniconda3/envs/BLADE/lib/python3.10/site-packages/Deconvolution/BLADE.py:589: NumbaPerformanceWarning: [1m[1m[1m[1mnp.dot() is faster on contiguous arrays, called on (array(float64, 1d, C), array(float64, 2d, A))[0m[0m[0m[0m
  g_Exp = g_Exp_Beta(Nu, Omega, Beta, B0, Ngene, Ncell, Nsample)
/home/cke/miniconda3/envs/BLADE/lib/python3.10/site-packages/Deconvolution/BLADE.py:589: NumbaPerformanceWarning: [1m[1m[1m[1mnp.dot() is faster on contiguous arrays, called on (array(float64, 1d, C), array(float64, 2d, A))[0m[0m[0m[0m
  g_Exp = g_Exp_Beta(Nu, Omega, Beta, B0, Ngene, Ncell, Nsample)
/home/cke/miniconda3/envs/BLADE/lib/python3.10/site-packages/Deconvolution/BLADE.py:589: NumbaPerformanceWarning: [1m[1m[1m[1mnp.dot() is faster on contiguous arrays, called on (array(float64, 1d, C), array(float64, 2d, A))[0m[0m[0m[0m
  g_Exp = g_Exp_Beta(Nu, Omega, Beta, B0, Ngene, Ncell, Nsample)
/home/cke/miniconda3/envs/BLADE/lib/python3.10/site-packages/Deconvolution/BLADE.py:589: NumbaPerformanceWarning: [1m[1m[1m[1mnp.dot() is faster on contiguous arrays, called on (array(float64, 1d, C), array(float64, 2d, A))[0m[0m[0m[0m
  g_Exp = g_Exp_Beta(Nu, Omega, Beta, B0, Ngene, Ncell, Nsample)
/home/cke/miniconda3/envs/BLADE/lib/python3.10/site-packages/Deconvolution/BLADE.py:589: NumbaPerformanceWarning: [1m[1m[1m[1mnp.dot() is faster on contiguous arrays, called on (array(float64, 1d, C), array(float64, 2d, A))[0m[0m[0m[0m
  g_Exp = g_Exp_Beta(Nu, Omega, Beta, B0, Ngene, Ncell, Nsample)
/home/cke/miniconda3/envs/BLADE/lib/python3.10/site-packages/Deconvolution/BLADE.py:589: NumbaPerformanceWarning: [1m[1m[1m[1mnp.dot() is faster on contiguous arrays, called on (array(float64, 1d, C), array(float64, 2d, A))[0m[0m[0m[0m
  g_Exp = g_Exp_Beta(Nu, Omega, Beta, B0, Ngene, Ncell, Nsample)
/home/cke/miniconda3/envs/BLADE/lib/python3.10/site-packages/Deconvolution/BLADE.py:589: NumbaPerformanceWarning: [1m[1m[1m[1mnp.dot() is faster on contiguous arrays, called on (array(float64, 1d, C), array(float64, 2d, A))[0m[0m[0m[0m
  g_Exp = g_Exp_Beta(Nu, Omega, Beta, B0, Ngene, Ncell, Nsample)
/home/cke/miniconda3/envs/BLADE/lib/python3.10/site-packages/Deconvolution/BLADE.py:589: NumbaPerformanceWarning: [1m[1m[1m[1mnp.dot() is faster on contiguous arrays, called on (array(float64, 1d, C), array(float64, 2d, A))[0m[0m[0m[0m
  g_Exp = g_Exp_Beta(Nu, Omega, Beta, B0, Ngene, Ncell, Nsample)
/home/cke/miniconda3/envs/BLADE/lib/python3.10/site-packages/Deconvolution/BLADE.py:809: RuntimeWarning: divide by zero encountered in log
  return -self.Nsample*np.sum(np.log(Omega))
/home/cke/miniconda3/envs/BLADE/lib/python3.10/site-packages/Deconvolution/BLADE.py:863: RuntimeWarning: invalid value encountered in double_scalars
  return PX+PY+PF-QX-QF
/home/cke/miniconda3/envs/BLADE/lib/python3.10/site-packages/Deconvolution/BLADE.py:809: RuntimeWarning: divide by zero encountered in log
  return -self.Nsample*np.sum(np.log(Omega))
/home/cke/miniconda3/envs/BLADE/lib/python3.10/site-packages/Deconvolution/BLADE.py:863: RuntimeWarning: invalid value encountered in double_scalars
  return PX+PY+PF-QX-QF
/home/cke/miniconda3/envs/BLADE/lib/python3.10/site-packages/Deconvolution/BLADE.py:809: RuntimeWarning: divide by zero encountered in log
  return -self.Nsample*np.sum(np.log(Omega))
/home/cke/miniconda3/envs/BLADE/lib/python3.10/site-packages/Deconvolution/BLADE.py:863: RuntimeWarning: invalid value encountered in double_scalars
  return PX+PY+PF-QX-QF
/home/cke/miniconda3/envs/BLADE/lib/python3.10/site-packages/Deconvolution/BLADE.py:809: RuntimeWarning: divide by zero encountered in log
  return -self.Nsample*np.sum(np.log(Omega))
/home/cke/miniconda3/envs/BLADE/lib/python3.10/site-packages/Deconvolution/BLADE.py:863: RuntimeWarning: invalid value encountered in double_scalars
  return PX+PY+PF-QX-QF
/home/cke/miniconda3/envs/BLADE/lib/python3.10/site-packages/Deconvolution/BLADE.py:809: RuntimeWarning: divide by zero encountered in log
  return -self.Nsample*np.sum(np.log(Omega))
/home/cke/miniconda3/envs/BLADE/lib/python3.10/site-packages/Deconvolution/BLADE.py:863: RuntimeWarning: invalid value encountered in double_scalars
  return PX+PY+PF-QX-QF
/home/cke/miniconda3/envs/BLADE/lib/python3.10/site-packages/Deconvolution/BLADE.py:809: RuntimeWarning: divide by zero encountered in log
  return -self.Nsample*np.sum(np.log(Omega))
/home/cke/miniconda3/envs/BLADE/lib/python3.10/site-packages/Deconvolution/BLADE.py:863: RuntimeWarning: invalid value encountered in double_scalars
  return PX+PY+PF-QX-QF
/home/cke/miniconda3/envs/BLADE/lib/python3.10/site-packages/Deconvolution/BLADE.py:809: RuntimeWarning: divide by zero encountered in log
  return -self.Nsample*np.sum(np.log(Omega))
/home/cke/miniconda3/envs/BLADE/lib/python3.10/site-packages/Deconvolution/BLADE.py:863: RuntimeWarning: invalid value encountered in double_scalars
  return PX+PY+PF-QX-QF
/home/cke/miniconda3/envs/BLADE/lib/python3.10/site-packages/Deconvolution/BLADE.py:809: RuntimeWarning: divide by zero encountered in log
  return -self.Nsample*np.sum(np.log(Omega))
/home/cke/miniconda3/envs/BLADE/lib/python3.10/site-packages/Deconvolution/BLADE.py:863: RuntimeWarning: invalid value encountered in double_scalars
  return PX+PY+PF-QX-QF
/home/cke/miniconda3/envs/BLADE/lib/python3.10/site-packages/Deconvolution/BLADE.py:809: RuntimeWarning: divide by zero encountered in log
  return -self.Nsample*np.sum(np.log(Omega))
/home/cke/miniconda3/envs/BLADE/lib/python3.10/site-packages/Deconvolution/BLADE.py:863: RuntimeWarning: invalid value encountered in double_scalars
  return PX+PY+PF-QX-QF
/home/cke/miniconda3/envs/BLADE/lib/python3.10/site-packages/Deconvolution/BLADE.py:809: RuntimeWarning: divide by zero encountered in log
  return -self.Nsample*np.sum(np.log(Omega))
/home/cke/miniconda3/envs/BLADE/lib/python3.10/site-packages/Deconvolution/BLADE.py:863: RuntimeWarning: invalid value encountered in double_scalars
  return PX+PY+PF-QX-QF
/home/cke/miniconda3/envs/BLADE/lib/python3.10/site-packages/Deconvolution/BLADE.py:809: RuntimeWarning: divide by zero encountered in log
  return -self.Nsample*np.sum(np.log(Omega))
/home/cke/miniconda3/envs/BLADE/lib/python3.10/site-packages/Deconvolution/BLADE.py:863: RuntimeWarning: invalid value encountered in double_scalars
  return PX+PY+PF-QX-QF
/home/cke/miniconda3/envs/BLADE/lib/python3.10/site-packages/Deconvolution/BLADE.py:809: RuntimeWarning: divide by zero encountered in log
  return -self.Nsample*np.sum(np.log(Omega))
/home/cke/miniconda3/envs/BLADE/lib/python3.10/site-packages/Deconvolution/BLADE.py:863: RuntimeWarning: invalid value encountered in double_scalars
  return PX+PY+PF-QX-QF
/home/cke/miniconda3/envs/BLADE/lib/python3.10/site-packages/Deconvolution/BLADE.py:809: RuntimeWarning: divide by zero encountered in log
  return -self.Nsample*np.sum(np.log(Omega))
/home/cke/miniconda3/envs/BLADE/lib/python3.10/site-packages/Deconvolution/BLADE.py:863: RuntimeWarning: invalid value encountered in double_scalars
  return PX+PY+PF-QX-QF
/home/cke/miniconda3/envs/BLADE/lib/python3.10/site-packages/Deconvolution/BLADE.py:809: RuntimeWarning: divide by zero encountered in log
  return -self.Nsample*np.sum(np.log(Omega))
/home/cke/miniconda3/envs/BLADE/lib/python3.10/site-packages/Deconvolution/BLADE.py:863: RuntimeWarning: invalid value encountered in double_scalars
  return PX+PY+PF-QX-QF
/home/cke/miniconda3/envs/BLADE/lib/python3.10/site-packages/Deconvolution/BLADE.py:809: RuntimeWarning: divide by zero encountered in log
  return -self.Nsample*np.sum(np.log(Omega))
/home/cke/miniconda3/envs/BLADE/lib/python3.10/site-packages/Deconvolution/BLADE.py:863: RuntimeWarning: invalid value encountered in double_scalars
  return PX+PY+PF-QX-QF
/home/cke/miniconda3/envs/BLADE/lib/python3.10/site-packages/Deconvolution/BLADE.py:809: RuntimeWarning: divide by zero encountered in log
  return -self.Nsample*np.sum(np.log(Omega))
/home/cke/miniconda3/envs/BLADE/lib/python3.10/site-packages/Deconvolution/BLADE.py:863: RuntimeWarning: invalid value encountered in double_scalars
  return PX+PY+PF-QX-QF
[Parallel(n_jobs=15)]: Done   2 tasks      | elapsed:  1.0min
/home/cke/miniconda3/envs/BLADE/lib/python3.10/site-packages/Deconvolution/BLADE.py:809: RuntimeWarning: divide by zero encountered in log
  return -self.Nsample*np.sum(np.log(Omega))
/home/cke/miniconda3/envs/BLADE/lib/python3.10/site-packages/Deconvolution/BLADE.py:863: RuntimeWarning: invalid value encountered in double_scalars
  return PX+PY+PF-QX-QF
/home/cke/miniconda3/envs/BLADE/lib/python3.10/site-packages/Deconvolution/BLADE.py:809: RuntimeWarning: divide by zero encountered in log
  return -self.Nsample*np.sum(np.log(Omega))
/home/cke/miniconda3/envs/BLADE/lib/python3.10/site-packages/Deconvolution/BLADE.py:863: RuntimeWarning: invalid value encountered in double_scalars
  return PX+PY+PF-QX-QF
/home/cke/miniconda3/envs/BLADE/lib/python3.10/site-packages/Deconvolution/BLADE.py:809: RuntimeWarning: divide by zero encountered in log
  return -self.Nsample*np.sum(np.log(Omega))
/home/cke/miniconda3/envs/BLADE/lib/python3.10/site-packages/Deconvolution/BLADE.py:863: RuntimeWarning: invalid value encountered in double_scalars
  return PX+PY+PF-QX-QF
/home/cke/miniconda3/envs/BLADE/lib/python3.10/site-packages/Deconvolution/BLADE.py:809: RuntimeWarning: divide by zero encountered in log
  return -self.Nsample*np.sum(np.log(Omega))
/home/cke/miniconda3/envs/BLADE/lib/python3.10/site-packages/Deconvolution/BLADE.py:863: RuntimeWarning: invalid value encountered in double_scalars
  return PX+PY+PF-QX-QF
/home/cke/miniconda3/envs/BLADE/lib/python3.10/site-packages/Deconvolution/BLADE.py:809: RuntimeWarning: divide by zero encountered in log
  return -self.Nsample*np.sum(np.log(Omega))
/home/cke/miniconda3/envs/BLADE/lib/python3.10/site-packages/Deconvolution/BLADE.py:863: RuntimeWarning: invalid value encountered in double_scalars
  return PX+PY+PF-QX-QF
/home/cke/miniconda3/envs/BLADE/lib/python3.10/site-packages/Deconvolution/BLADE.py:809: RuntimeWarning: divide by zero encountered in log
  return -self.Nsample*np.sum(np.log(Omega))
/home/cke/miniconda3/envs/BLADE/lib/python3.10/site-packages/Deconvolution/BLADE.py:863: RuntimeWarning: invalid value encountered in double_scalars
  return PX+PY+PF-QX-QF
/home/cke/miniconda3/envs/BLADE/lib/python3.10/site-packages/Deconvolution/BLADE.py:809: RuntimeWarning: divide by zero encountered in log
  return -self.Nsample*np.sum(np.log(Omega))
/home/cke/miniconda3/envs/BLADE/lib/python3.10/site-packages/Deconvolution/BLADE.py:863: RuntimeWarning: invalid value encountered in double_scalars
  return PX+PY+PF-QX-QF
/home/cke/miniconda3/envs/BLADE/lib/python3.10/site-packages/Deconvolution/BLADE.py:809: RuntimeWarning: divide by zero encountered in log
  return -self.Nsample*np.sum(np.log(Omega))
/home/cke/miniconda3/envs/BLADE/lib/python3.10/site-packages/Deconvolution/BLADE.py:863: RuntimeWarning: invalid value encountered in double_scalars
  return PX+PY+PF-QX-QF
/home/cke/miniconda3/envs/BLADE/lib/python3.10/site-packages/Deconvolution/BLADE.py:809: RuntimeWarning: divide by zero encountered in log
  return -self.Nsample*np.sum(np.log(Omega))
/home/cke/miniconda3/envs/BLADE/lib/python3.10/site-packages/Deconvolution/BLADE.py:863: RuntimeWarning: invalid value encountered in double_scalars
  return PX+PY+PF-QX-QF
[Parallel(n_jobs=15)]: Done  11 tasks      | elapsed:  1.1min
/home/cke/miniconda3/envs/BLADE/lib/python3.10/site-packages/Deconvolution/BLADE.py:809: RuntimeWarning: divide by zero encountered in log
  return -self.Nsample*np.sum(np.log(Omega))
/home/cke/miniconda3/envs/BLADE/lib/python3.10/site-packages/Deconvolution/BLADE.py:863: RuntimeWarning: invalid value encountered in double_scalars
  return PX+PY+PF-QX-QF
/home/cke/miniconda3/envs/BLADE/lib/python3.10/site-packages/Deconvolution/BLADE.py:809: RuntimeWarning: divide by zero encountered in log
  return -self.Nsample*np.sum(np.log(Omega))
/home/cke/miniconda3/envs/BLADE/lib/python3.10/site-packages/Deconvolution/BLADE.py:863: RuntimeWarning: invalid value encountered in double_scalars
  return PX+PY+PF-QX-QF
/home/cke/miniconda3/envs/BLADE/lib/python3.10/site-packages/Deconvolution/BLADE.py:809: RuntimeWarning: divide by zero encountered in log
  return -self.Nsample*np.sum(np.log(Omega))
/home/cke/miniconda3/envs/BLADE/lib/python3.10/site-packages/Deconvolution/BLADE.py:863: RuntimeWarning: invalid value encountered in double_scalars
  return PX+PY+PF-QX-QF
/home/cke/miniconda3/envs/BLADE/lib/python3.10/site-packages/Deconvolution/BLADE.py:809: RuntimeWarning: divide by zero encountered in log
  return -self.Nsample*np.sum(np.log(Omega))
/home/cke/miniconda3/envs/BLADE/lib/python3.10/site-packages/Deconvolution/BLADE.py:863: RuntimeWarning: invalid value encountered in double_scalars
  return PX+PY+PF-QX-QF
[Parallel(n_jobs=15)]: Done  20 tasks      | elapsed:  1.3min
[Parallel(n_jobs=15)]: Done  31 tasks      | elapsed:  1.4min
[Parallel(n_jobs=15)]: Done  42 tasks      | elapsed:  1.6min
/home/cke/miniconda3/envs/BLADE/lib/python3.10/site-packages/Deconvolution/BLADE.py:809: RuntimeWarning: divide by zero encountered in log
  return -self.Nsample*np.sum(np.log(Omega))
/home/cke/miniconda3/envs/BLADE/lib/python3.10/site-packages/Deconvolution/BLADE.py:863: RuntimeWarning: invalid value encountered in double_scalars
  return PX+PY+PF-QX-QF
[Parallel(n_jobs=15)]: Done  55 tasks      | elapsed:  1.8min
[Parallel(n_jobs=15)]: Done  68 tasks      | elapsed:  1.9min
[Parallel(n_jobs=15)]: Done  83 tasks      | elapsed:  2.1min
[Parallel(n_jobs=15)]: Done  98 tasks      | elapsed:  2.3min
[Parallel(n_jobs=15)]: Done 115 tasks      | elapsed:  2.6min
[Parallel(n_jobs=15)]: Done 132 tasks      | elapsed:  3.0min
[Parallel(n_jobs=15)]: Done 150 out of 162 | elapsed:  3.2min remaining:   15.4s
[Parallel(n_jobs=15)]: Done 162 out of 162 | elapsed:  4.1min finished
[Parallel(n_jobs=15)]: Using backend LokyBackend with 15 concurrent workers.
[Parallel(n_jobs=15)]: Done   2 out of   9 | elapsed:    0.9s remaining:    3.0s
[Parallel(n_jobs=15)]: Done   3 out of   9 | elapsed:    0.9s remaining:    1.8s
[Parallel(n_jobs=15)]: Done   4 out of   9 | elapsed:    0.9s remaining:    1.1s
[Parallel(n_jobs=15)]: Done   5 out of   9 | elapsed:    1.4s remaining:    1.1s
[Parallel(n_jobs=15)]: Done   6 out of   9 | elapsed:    1.4s remaining:    0.7s
[Parallel(n_jobs=15)]: Done   7 out of   9 | elapsed:    1.5s remaining:    0.4s
[Parallel(n_jobs=15)]: Done   9 out of   9 | elapsed:    1.6s remaining:    0.0s
[Parallel(n_jobs=15)]: Done   9 out of   9 | elapsed:    1.6s finished
[Parallel(n_jobs=15)]: Using backend LokyBackend with 15 concurrent workers.
/home/cke/miniconda3/envs/BLADE/lib/python3.10/site-packages/Deconvolution/BLADE.py:809: RuntimeWarning: divide by zero encountered in log
  return -self.Nsample*np.sum(np.log(Omega))
/home/cke/miniconda3/envs/BLADE/lib/python3.10/site-packages/Deconvolution/BLADE.py:863: RuntimeWarning: invalid value encountered in double_scalars
  return PX+PY+PF-QX-QF
/home/cke/miniconda3/envs/BLADE/lib/python3.10/site-packages/Deconvolution/BLADE.py:809: RuntimeWarning: divide by zero encountered in log
  return -self.Nsample*np.sum(np.log(Omega))
/home/cke/miniconda3/envs/BLADE/lib/python3.10/site-packages/Deconvolution/BLADE.py:863: RuntimeWarning: invalid value encountered in double_scalars
  return PX+PY+PF-QX-QF
/home/cke/miniconda3/envs/BLADE/lib/python3.10/site-packages/Deconvolution/BLADE.py:809: RuntimeWarning: divide by zero encountered in log
  return -self.Nsample*np.sum(np.log(Omega))
/home/cke/miniconda3/envs/BLADE/lib/python3.10/site-packages/Deconvolution/BLADE.py:863: RuntimeWarning: invalid value encountered in double_scalars
  return PX+PY+PF-QX-QF
/home/cke/miniconda3/envs/BLADE/lib/python3.10/site-packages/Deconvolution/BLADE.py:809: RuntimeWarning: divide by zero encountered in log
  return -self.Nsample*np.sum(np.log(Omega))
/home/cke/miniconda3/envs/BLADE/lib/python3.10/site-packages/Deconvolution/BLADE.py:863: RuntimeWarning: invalid value encountered in double_scalars
  return PX+PY+PF-QX-QF
/home/cke/miniconda3/envs/BLADE/lib/python3.10/site-packages/Deconvolution/BLADE.py:809: RuntimeWarning: divide by zero encountered in log
  return -self.Nsample*np.sum(np.log(Omega))
/home/cke/miniconda3/envs/BLADE/lib/python3.10/site-packages/Deconvolution/BLADE.py:863: RuntimeWarning: invalid value encountered in double_scalars
  return PX+PY+PF-QX-QF
/home/cke/miniconda3/envs/BLADE/lib/python3.10/site-packages/Deconvolution/BLADE.py:809: RuntimeWarning: divide by zero encountered in log
  return -self.Nsample*np.sum(np.log(Omega))
/home/cke/miniconda3/envs/BLADE/lib/python3.10/site-packages/Deconvolution/BLADE.py:863: RuntimeWarning: invalid value encountered in double_scalars
  return PX+PY+PF-QX-QF
/home/cke/miniconda3/envs/BLADE/lib/python3.10/site-packages/Deconvolution/BLADE.py:809: RuntimeWarning: divide by zero encountered in log
  return -self.Nsample*np.sum(np.log(Omega))
/home/cke/miniconda3/envs/BLADE/lib/python3.10/site-packages/Deconvolution/BLADE.py:863: RuntimeWarning: invalid value encountered in double_scalars
  return PX+PY+PF-QX-QF
/home/cke/miniconda3/envs/BLADE/lib/python3.10/site-packages/Deconvolution/BLADE.py:809: RuntimeWarning: divide by zero encountered in log
  return -self.Nsample*np.sum(np.log(Omega))
/home/cke/miniconda3/envs/BLADE/lib/python3.10/site-packages/Deconvolution/BLADE.py:863: RuntimeWarning: invalid value encountered in double_scalars
  return PX+PY+PF-QX-QF
/home/cke/miniconda3/envs/BLADE/lib/python3.10/site-packages/Deconvolution/BLADE.py:809: RuntimeWarning: divide by zero encountered in log
  return -self.Nsample*np.sum(np.log(Omega))
/home/cke/miniconda3/envs/BLADE/lib/python3.10/site-packages/Deconvolution/BLADE.py:863: RuntimeWarning: invalid value encountered in double_scalars
  return PX+PY+PF-QX-QF
[Parallel(n_jobs=15)]: Done   2 tasks      | elapsed:   13.4s
[Parallel(n_jobs=15)]: Done  11 tasks      | elapsed:   36.7s
[Parallel(n_jobs=15)]: Done  20 tasks      | elapsed:   52.7s
[Parallel(n_jobs=15)]: Done  31 tasks      | elapsed:  1.2min
[Parallel(n_jobs=15)]: Done  42 tasks      | elapsed:  1.5min
[Parallel(n_jobs=15)]: Done  55 tasks      | elapsed:  1.8min
[Parallel(n_jobs=15)]: Done  68 tasks      | elapsed:  2.2min
[Parallel(n_jobs=15)]: Done  83 tasks      | elapsed:  2.8min
[Parallel(n_jobs=15)]: Done  98 tasks      | elapsed:  3.1min
[Parallel(n_jobs=15)]: Done 115 tasks      | elapsed:  3.7min
[Parallel(n_jobs=15)]: Done 132 tasks      | elapsed:  4.4min
[Parallel(n_jobs=15)]: Done 150 out of 162 | elapsed:  5.1min remaining:   24.3s
[Parallel(n_jobs=15)]: Done 162 out of 162 | elapsed:  5.6min finished
[Parallel(n_jobs=15)]: Using backend LokyBackend with 15 concurrent workers.
[Parallel(n_jobs=15)]: Done   2 out of   9 | elapsed:    0.3s remaining:    1.1s
[Parallel(n_jobs=15)]: Done   3 out of   9 | elapsed:    0.4s remaining:    0.7s
[Parallel(n_jobs=15)]: Done   4 out of   9 | elapsed:    0.5s remaining:    0.7s
[Parallel(n_jobs=15)]: Done   5 out of   9 | elapsed:    0.5s remaining:    0.4s
[Parallel(n_jobs=15)]: Done   6 out of   9 | elapsed:    0.5s remaining:    0.3s
[Parallel(n_jobs=15)]: Done   7 out of   9 | elapsed:    0.6s remaining:    0.2s
[Parallel(n_jobs=15)]: Done   9 out of   9 | elapsed:    2.2s remaining:    0.0s
[Parallel(n_jobs=15)]: Done   9 out of   9 | elapsed:    2.2s finished
[Parallel(n_jobs=15)]: Using backend LokyBackend with 15 concurrent workers.
/home/cke/miniconda3/envs/BLADE/lib/python3.10/site-packages/Deconvolution/BLADE.py:809: RuntimeWarning: divide by zero encountered in log
  return -self.Nsample*np.sum(np.log(Omega))
/home/cke/miniconda3/envs/BLADE/lib/python3.10/site-packages/Deconvolution/BLADE.py:863: RuntimeWarning: invalid value encountered in double_scalars
  return PX+PY+PF-QX-QF
/home/cke/miniconda3/envs/BLADE/lib/python3.10/site-packages/Deconvolution/BLADE.py:809: RuntimeWarning: divide by zero encountered in log
  return -self.Nsample*np.sum(np.log(Omega))
/home/cke/miniconda3/envs/BLADE/lib/python3.10/site-packages/Deconvolution/BLADE.py:863: RuntimeWarning: invalid value encountered in double_scalars
  return PX+PY+PF-QX-QF
/home/cke/miniconda3/envs/BLADE/lib/python3.10/site-packages/Deconvolution/BLADE.py:809: RuntimeWarning: divide by zero encountered in log
  return -self.Nsample*np.sum(np.log(Omega))
/home/cke/miniconda3/envs/BLADE/lib/python3.10/site-packages/Deconvolution/BLADE.py:863: RuntimeWarning: invalid value encountered in double_scalars
  return PX+PY+PF-QX-QF
/home/cke/miniconda3/envs/BLADE/lib/python3.10/site-packages/Deconvolution/BLADE.py:809: RuntimeWarning: divide by zero encountered in log
  return -self.Nsample*np.sum(np.log(Omega))
/home/cke/miniconda3/envs/BLADE/lib/python3.10/site-packages/Deconvolution/BLADE.py:863: RuntimeWarning: invalid value encountered in double_scalars
  return PX+PY+PF-QX-QF
/home/cke/miniconda3/envs/BLADE/lib/python3.10/site-packages/Deconvolution/BLADE.py:809: RuntimeWarning: divide by zero encountered in log
  return -self.Nsample*np.sum(np.log(Omega))
/home/cke/miniconda3/envs/BLADE/lib/python3.10/site-packages/Deconvolution/BLADE.py:863: RuntimeWarning: invalid value encountered in double_scalars
  return PX+PY+PF-QX-QF
/home/cke/miniconda3/envs/BLADE/lib/python3.10/site-packages/Deconvolution/BLADE.py:809: RuntimeWarning: divide by zero encountered in log
  return -self.Nsample*np.sum(np.log(Omega))
/home/cke/miniconda3/envs/BLADE/lib/python3.10/site-packages/Deconvolution/BLADE.py:863: RuntimeWarning: invalid value encountered in double_scalars
  return PX+PY+PF-QX-QF
/home/cke/miniconda3/envs/BLADE/lib/python3.10/site-packages/Deconvolution/BLADE.py:809: RuntimeWarning: divide by zero encountered in log
  return -self.Nsample*np.sum(np.log(Omega))
/home/cke/miniconda3/envs/BLADE/lib/python3.10/site-packages/Deconvolution/BLADE.py:863: RuntimeWarning: invalid value encountered in double_scalars
  return PX+PY+PF-QX-QF
/home/cke/miniconda3/envs/BLADE/lib/python3.10/site-packages/Deconvolution/BLADE.py:809: RuntimeWarning: divide by zero encountered in log
  return -self.Nsample*np.sum(np.log(Omega))
/home/cke/miniconda3/envs/BLADE/lib/python3.10/site-packages/Deconvolution/BLADE.py:863: RuntimeWarning: invalid value encountered in double_scalars
  return PX+PY+PF-QX-QF
/home/cke/miniconda3/envs/BLADE/lib/python3.10/site-packages/Deconvolution/BLADE.py:809: RuntimeWarning: divide by zero encountered in log
  return -self.Nsample*np.sum(np.log(Omega))
/home/cke/miniconda3/envs/BLADE/lib/python3.10/site-packages/Deconvolution/BLADE.py:863: RuntimeWarning: invalid value encountered in double_scalars
  return PX+PY+PF-QX-QF
[Parallel(n_jobs=15)]: Done   2 tasks      | elapsed:    6.4s
[Parallel(n_jobs=15)]: Done  11 tasks      | elapsed:   15.3s
[Parallel(n_jobs=15)]: Done  20 tasks      | elapsed:   24.3s
[Parallel(n_jobs=15)]: Done  31 tasks      | elapsed:   32.7s
[Parallel(n_jobs=15)]: Done  42 tasks      | elapsed:   44.5s
[Parallel(n_jobs=15)]: Done  55 tasks      | elapsed:   58.3s
[Parallel(n_jobs=15)]: Done  68 tasks      | elapsed:  1.2min
[Parallel(n_jobs=15)]: Done  83 tasks      | elapsed:  1.5min
[Parallel(n_jobs=15)]: Done  98 tasks      | elapsed:  1.7min
[Parallel(n_jobs=15)]: Done 115 tasks      | elapsed:  2.1min
[Parallel(n_jobs=15)]: Done 132 tasks      | elapsed:  2.4min
[Parallel(n_jobs=15)]: Done 150 out of 162 | elapsed:  2.8min remaining:   13.4s
[Parallel(n_jobs=15)]: Done 162 out of 162 | elapsed:  3.0min finished
[Parallel(n_jobs=15)]: Using backend LokyBackend with 15 concurrent workers.
[Parallel(n_jobs=15)]: Batch computation too fast (0.1232s.) Setting batch_size=2.
[Parallel(n_jobs=15)]: Done   2 out of   9 | elapsed:    0.2s remaining:    0.5s
[Parallel(n_jobs=15)]: Done   3 out of   9 | elapsed:    0.2s remaining:    0.5s
[Parallel(n_jobs=15)]: Done   4 out of   9 | elapsed:    0.3s remaining:    0.3s
[Parallel(n_jobs=15)]: Done   5 out of   9 | elapsed:    0.4s remaining:    0.3s
[Parallel(n_jobs=15)]: Done   6 out of   9 | elapsed:    0.4s remaining:    0.2s
[Parallel(n_jobs=15)]: Done   7 out of   9 | elapsed:    0.5s remaining:    0.1s
[Parallel(n_jobs=15)]: Done   9 out of   9 | elapsed:    0.7s remaining:    0.0s
[Parallel(n_jobs=15)]: Done   9 out of   9 | elapsed:    0.7s finished
[Parallel(n_jobs=15)]: Using backend LokyBackend with 15 concurrent workers.
/home/cke/miniconda3/envs/BLADE/lib/python3.10/site-packages/Deconvolution/BLADE.py:809: RuntimeWarning: divide by zero encountered in log
  return -self.Nsample*np.sum(np.log(Omega))
/home/cke/miniconda3/envs/BLADE/lib/python3.10/site-packages/Deconvolution/BLADE.py:863: RuntimeWarning: invalid value encountered in double_scalars
  return PX+PY+PF-QX-QF
/home/cke/miniconda3/envs/BLADE/lib/python3.10/site-packages/Deconvolution/BLADE.py:809: RuntimeWarning: divide by zero encountered in log
  return -self.Nsample*np.sum(np.log(Omega))
/home/cke/miniconda3/envs/BLADE/lib/python3.10/site-packages/Deconvolution/BLADE.py:863: RuntimeWarning: invalid value encountered in double_scalars
  return PX+PY+PF-QX-QF
/home/cke/miniconda3/envs/BLADE/lib/python3.10/site-packages/Deconvolution/BLADE.py:809: RuntimeWarning: divide by zero encountered in log
  return -self.Nsample*np.sum(np.log(Omega))
/home/cke/miniconda3/envs/BLADE/lib/python3.10/site-packages/Deconvolution/BLADE.py:863: RuntimeWarning: invalid value encountered in double_scalars
  return PX+PY+PF-QX-QF
/home/cke/miniconda3/envs/BLADE/lib/python3.10/site-packages/Deconvolution/BLADE.py:809: RuntimeWarning: divide by zero encountered in log
  return -self.Nsample*np.sum(np.log(Omega))
/home/cke/miniconda3/envs/BLADE/lib/python3.10/site-packages/Deconvolution/BLADE.py:863: RuntimeWarning: invalid value encountered in double_scalars
  return PX+PY+PF-QX-QF
/home/cke/miniconda3/envs/BLADE/lib/python3.10/site-packages/Deconvolution/BLADE.py:809: RuntimeWarning: divide by zero encountered in log
  return -self.Nsample*np.sum(np.log(Omega))
/home/cke/miniconda3/envs/BLADE/lib/python3.10/site-packages/Deconvolution/BLADE.py:863: RuntimeWarning: invalid value encountered in double_scalars
  return PX+PY+PF-QX-QF
/home/cke/miniconda3/envs/BLADE/lib/python3.10/site-packages/Deconvolution/BLADE.py:809: RuntimeWarning: divide by zero encountered in log
  return -self.Nsample*np.sum(np.log(Omega))
/home/cke/miniconda3/envs/BLADE/lib/python3.10/site-packages/Deconvolution/BLADE.py:863: RuntimeWarning: invalid value encountered in double_scalars
  return PX+PY+PF-QX-QF
/home/cke/miniconda3/envs/BLADE/lib/python3.10/site-packages/Deconvolution/BLADE.py:809: RuntimeWarning: divide by zero encountered in log
  return -self.Nsample*np.sum(np.log(Omega))
/home/cke/miniconda3/envs/BLADE/lib/python3.10/site-packages/Deconvolution/BLADE.py:863: RuntimeWarning: invalid value encountered in double_scalars
  return PX+PY+PF-QX-QF
/home/cke/miniconda3/envs/BLADE/lib/python3.10/site-packages/Deconvolution/BLADE.py:809: RuntimeWarning: divide by zero encountered in log
  return -self.Nsample*np.sum(np.log(Omega))
/home/cke/miniconda3/envs/BLADE/lib/python3.10/site-packages/Deconvolution/BLADE.py:863: RuntimeWarning: invalid value encountered in double_scalars
  return PX+PY+PF-QX-QF
/home/cke/miniconda3/envs/BLADE/lib/python3.10/site-packages/Deconvolution/BLADE.py:809: RuntimeWarning: divide by zero encountered in log
  return -self.Nsample*np.sum(np.log(Omega))
/home/cke/miniconda3/envs/BLADE/lib/python3.10/site-packages/Deconvolution/BLADE.py:863: RuntimeWarning: invalid value encountered in double_scalars
  return PX+PY+PF-QX-QF
[Parallel(n_jobs=15)]: Done   2 tasks      | elapsed:    5.6s
[Parallel(n_jobs=15)]: Done  11 tasks      | elapsed:   16.5s
[Parallel(n_jobs=15)]: Done  20 tasks      | elapsed:   34.0s
[Parallel(n_jobs=15)]: Done  31 tasks      | elapsed:   46.0s
[Parallel(n_jobs=15)]: Done  42 tasks      | elapsed:   57.9s
[Parallel(n_jobs=15)]: Done  55 tasks      | elapsed:  1.3min
[Parallel(n_jobs=15)]: Done  68 tasks      | elapsed:  1.6min
[Parallel(n_jobs=15)]: Done  83 tasks      | elapsed:  2.0min
[Parallel(n_jobs=15)]: Done  98 tasks      | elapsed:  2.3min
[Parallel(n_jobs=15)]: Done 115 tasks      | elapsed:  2.8min
[Parallel(n_jobs=15)]: Done 132 tasks      | elapsed:  3.1min
[Parallel(n_jobs=15)]: Done 150 out of 162 | elapsed:  3.4min remaining:   16.3s
[Parallel(n_jobs=15)]: Done 162 out of 162 | elapsed:  3.6min finished
No feature filtering is done (fsel = 0)
Done optimization, elapsed time (min): 4.332804036140442
Get mean and std exp!
Get common genes!  915
cell types:  10
bulk samples:  9
start BLADE!
all of 915 genes are used for optimization.
All samples are used during the optimization.
Initialization with Support vector regression
No feature filtering is done (fsel = 0)
Done optimization, elapsed time (min): 5.682204512755076
Get mean and std exp!
Get common genes!  463
cell types:  10
bulk samples:  9
start BLADE!
all of 463 genes are used for optimization.
All samples are used during the optimization.
Initialization with Support vector regression
No feature filtering is done (fsel = 0)
Done optimization, elapsed time (min): 3.0129355152448016
Get mean and std exp!
Get common genes!  194
cell types:  10
bulk samples:  9
start BLADE!
all of 194 genes are used for optimization.
All samples are used during the optimization.
Initialization with Support vector regression
No feature filtering is done (fsel = 0)
Done optimization, elapsed time (min): 3.644107524553935
